{"url":"/","level":"info","message":"DAO.find() /api/pages ","timestamp":"2015-07-02T00:22:53.363Z"}
{"level":"info","message":"DAO.find() /api/menus ","timestamp":"2015-07-02T00:22:53.736Z"}
{"level":"info","message":"DAO.find() /api/shared-content ","timestamp":"2015-07-02T00:22:53.739Z"}
{"url":"/why-cms","level":"info","message":"DAO.find() /api/pages ","timestamp":"2015-07-02T00:23:04.715Z"}
{"level":"info","message":"DAO.find() /api/shared-content ","timestamp":"2015-07-02T00:23:04.867Z"}
{"url":"/why-cms","approved":true,"level":"info","message":"DAO.find() /api/comments/approved ","timestamp":"2015-07-02T00:23:04.890Z"}
{"galleries":"gallery-1","level":"info","message":"DAO.find() /api/media ","timestamp":"2015-07-02T00:23:05.014Z"}
{"url":"/tutorial","level":"info","message":"DAO.find() /api/pages ","timestamp":"2015-07-02T00:23:05.314Z"}
{"galleries":"gallery-1","level":"info","message":"DAO.find() /api/media ","timestamp":"2015-07-02T00:23:05.393Z"}
{"level":"info","message":"DAO.find() /api/shared-content ","timestamp":"2015-07-02T00:23:05.463Z"}
{"galleries":"gallery-1","level":"info","message":"DAO.find() /api/media ","timestamp":"2015-07-02T00:23:05.504Z"}
{"url":"/","level":"info","message":"DAO.find() /api/pages ","timestamp":"2015-07-02T00:23:05.795Z"}
{"level":"info","message":"DAO.find() /api/shared-content ","timestamp":"2015-07-02T00:23:05.854Z"}
{"url":"/why-cms","level":"info","message":"DAO.find() /api/pages ","timestamp":"2015-07-02T00:23:06.239Z"}
{"level":"info","message":"DAO.find() /api/shared-content ","timestamp":"2015-07-02T00:23:06.306Z"}
{"galleries":"gallery-1","level":"info","message":"DAO.find() /api/media ","timestamp":"2015-07-02T00:23:06.339Z"}
{"url":"/why-cms","approved":true,"level":"info","message":"DAO.find() /api/comments/approved ","timestamp":"2015-07-02T00:23:06.360Z"}
{"url":"/tutorial","level":"info","message":"DAO.find() /api/pages ","timestamp":"2015-07-02T00:23:06.832Z"}
{"level":"info","message":"DAO.find() /api/shared-content ","timestamp":"2015-07-02T00:23:06.877Z"}
{"galleries":"gallery-1","level":"info","message":"DAO.find() /api/media ","timestamp":"2015-07-02T00:23:06.904Z"}
{"level":"info","message":"DAO.delete() /api/menus ","timestamp":"2015-07-02T01:03:52.648Z"}
{"_id":"558f0221a26868a916207593","level":"info","message":"DAO.updateOneAndUpdate()  ","timestamp":"2015-07-02T01:03:52.757Z"}
{"level":"info","message":"DAO.delete() /api/menus ","timestamp":"2015-07-02T01:04:00.409Z"}
{"_id":"558f0221a26868a916207593","level":"info","message":"DAO.updateOneAndUpdate()  ","timestamp":"2015-07-02T01:04:00.438Z"}
{"level":"info","message":"DAO.delete() /api/menus ","timestamp":"2015-07-03T01:39:43.583Z"}
{"_id":"5595e7abf334a51c3055c120","level":"info","message":"DAO.updateOneAndUpdate()  ","timestamp":"2015-07-03T01:39:43.638Z"}
{"level":"info","message":"DAO.delete() /api/menus ","timestamp":"2015-07-03T01:39:50.661Z"}
{"_id":"5595e7abf334a51c3055c120","level":"info","message":"DAO.updateOneAndUpdate()  ","timestamp":"2015-07-03T01:39:50.687Z"}
{"level":"info","message":"DAO.delete() /api/menus ","timestamp":"2015-07-03T02:28:56.850Z"}
{"_id":"5595f1206c224f593403b065","level":"info","message":"DAO.updateOneAndUpdate()  ","timestamp":"2015-07-03T02:28:56.895Z"}
{"level":"info","message":"DAO.delete() /api/menus ","timestamp":"2015-07-03T02:29:03.039Z"}
{"_id":"5595f1206c224f593403b065","level":"info","message":"DAO.updateOneAndUpdate()  ","timestamp":"2015-07-03T02:29:03.066Z"}
{"level":"info","message":"DAO.delete() /api/menus ","timestamp":"2015-07-03T05:30:18.703Z"}
{"_id":"5595f1206c224f593403b065","level":"info","message":"DAO.updateOneAndUpdate()  ","timestamp":"2015-07-03T05:30:18.727Z"}
{"searchText":"about","level":"info","message":"DAO.find() /api/pages/search ","timestamp":"2015-07-03T05:32:23.851Z"}
{"searchText":"about","level":"info","message":"DAO.find() /api/pages/search ","timestamp":"2015-07-03T05:33:01.676Z"}
{"searchText":"about","level":"info","message":"DAO.find() /api/pages/search ","timestamp":"2015-07-03T05:34:17.718Z"}
{"searchText":"about","level":"info","message":"DAO.find() /api/pages/search ","timestamp":"2015-07-03T05:34:47.961Z"}
{"level":"info","message":"DAO.find() /api/pages/search  about","timestamp":"2015-07-03T05:35:48.827Z"}
{"level":"info","message":"DAO.find() /api/pages/search  cms","timestamp":"2015-07-03T05:36:06.650Z"}
{"level":"info","message":"DAO.find() /api/pages/search  cms","timestamp":"2015-07-03T05:38:43.537Z"}
{"level":"info","message":"DAO.find() /api/pages/search  pizza","timestamp":"2015-07-03T05:39:18.251Z"}
{"level":"info","message":"DAO.find() /api/pages/search  pizza","timestamp":"2015-07-03T05:40:19.332Z"}
{"level":"info","message":"DAO.find() /api/pages/search  pizza","timestamp":"2015-07-03T05:40:20.652Z"}
{"level":"info","message":"DAO.find() /api/pages/search  pizza","timestamp":"2015-07-03T05:40:21.603Z"}
{"level":"info","message":"DAO.find() /api/pages/search  about","timestamp":"2015-07-03T05:41:06.174Z"}
{"level":"info","message":"DAO.find() /api/pages/search  about","timestamp":"2015-07-03T05:41:06.757Z"}
{"level":"info","message":"DAO.find() /api/pages/search  about","timestamp":"2015-07-03T05:41:34.015Z"}
{"level":"info","message":"DAO.find() /api/pages/search  about","timestamp":"2015-07-03T05:41:34.702Z"}
{"level":"info","message":"DAO.find() /api/pages/search  about","timestamp":"2015-07-03T05:42:10.249Z"}
{"level":"info","message":"DAO.find() /api/pages/search  about","timestamp":"2015-07-03T05:42:24.673Z"}
{"level":"info","message":"DAO.find() /api/pages/search  about","timestamp":"2015-07-03T05:42:29.176Z"}
{"level":"info","message":"DAO.find() /api/pages/search  yes","timestamp":"2015-07-03T05:42:31.761Z"}
{"level":"info","message":"DAO.find() /api/pages/search  wait","timestamp":"2015-07-03T05:42:33.440Z"}
{"level":"info","message":"DAO.find() /api/pages/search  you","timestamp":"2015-07-03T05:42:35.753Z"}
{"level":"info","message":"DAO.find() /api/pages/search  you to put","timestamp":"2015-07-03T05:42:40.217Z"}
{"level":"info","message":"DAO.find() /api/pages/search  about","timestamp":"2015-07-03T05:43:16.906Z"}
{"level":"info","message":"DAO.find() /api/pages/search  cms","timestamp":"2015-07-03T05:43:26.875Z"}
{"level":"info","message":"DAO.delete() /api/menus ","timestamp":"2015-07-03T05:47:43.362Z"}
{"_id":"5595f1206c224f593403b065","level":"info","message":"DAO.updateOneAndUpdate()  ","timestamp":"2015-07-03T05:47:43.407Z"}
{"_id":"5596ed8fd181e0e046b1c54e","level":"info","message":"DAO.update()  ","timestamp":"2015-07-03T20:18:04.571Z"}
{"_id":"5596ed8fd181e0e046b1c54e","level":"info","message":"DAO.update()  ","timestamp":"2015-07-03T20:18:22.246Z"}
{"_id":"5596ee5462f963144714efdd","level":"info","message":"DAO.update()  ","timestamp":"2015-07-03T20:21:03.331Z"}
{"level":"info","message":"DAO.delete() /api/menus ","timestamp":"2015-07-03T20:28:03.298Z"}
{"_id":"5596ee5462f963144714ef29","level":"info","message":"DAO.updateOneAndUpdate()  ","timestamp":"2015-07-03T20:28:03.355Z"}
{"level":"info","message":"DAO.delete() /api/menus ","timestamp":"2015-07-03T20:28:15.297Z"}
{"_id":"5596ee5462f963144714ef29","level":"info","message":"DAO.updateOneAndUpdate()  ","timestamp":"2015-07-03T20:28:15.329Z"}
{"_id":"5596ee4ec9a6ed0947a72fec","level":"info","message":"DAO.update()  ","timestamp":"2015-07-03T20:29:55.691Z"}
{"_id":"5596f130184fd1e64726e444","level":"info","message":"DAO.update()  ","timestamp":"2015-07-03T20:32:21.453Z"}
{"_id":"559703b7e772d8ab4ecd457c","level":"info","message":"DAO.update()  ","timestamp":"2015-07-03T21:50:55.470Z"}
{"level":"info","message":"DAO.delete() /api/comments ","timestamp":"2015-07-03T22:12:57.296Z"}
{"_id":"55970f3871701415520bf957","level":"info","message":"DAO.update()  ","timestamp":"2015-07-03T22:40:36.094Z"}
{"level":"info","message":"DAO.delete() /api/menus ","timestamp":"2015-07-03T22:42:11.961Z"}
{"_id":"55970f7671701415520bfa29","level":"info","message":"DAO.updateOneAndUpdate()  ","timestamp":"2015-07-03T22:42:11.989Z"}
{"level":"info","message":"DAO.delete() /api/menus ","timestamp":"2015-07-03T22:44:22.173Z"}
{"_id":"55970f7671701415520bfa29","level":"info","message":"DAO.updateOneAndUpdate()  ","timestamp":"2015-07-03T22:44:22.199Z"}
{"level":"info","message":"DAO.delete() /api/menus ","timestamp":"2015-07-03T22:59:43.971Z"}
{"level":"info","message":"DAO.delete() /api/menus ","timestamp":"2015-07-03T22:59:59.811Z"}
{"level":"info","message":"DAO.delete() /api/menus ","timestamp":"2015-07-03T23:01:18.542Z"}
{"_id":"55970f7671701415520bfa29","level":"info","message":"DAO.updateOneAndUpdate()  ","timestamp":"2015-07-03T23:01:18.573Z"}
{"level":"info","message":"DAO.delete() /api/menus ","timestamp":"2015-07-03T23:01:27.991Z"}
{"_id":"55970f7671701415520bfa29","level":"info","message":"DAO.updateOneAndUpdate()  ","timestamp":"2015-07-03T23:01:28.023Z"}
{"level":"info","message":"DAO.delete() /api/menus ","timestamp":"2015-07-03T23:01:34.644Z"}
{"_id":"55970f7671701415520bfa29","level":"info","message":"DAO.updateOneAndUpdate()  ","timestamp":"2015-07-03T23:01:34.673Z"}
{"level":"info","message":"DAO.delete() /api/menus ","timestamp":"2015-07-03T23:15:45.560Z"}
{"_id":"55970f7671701415520bfa29","level":"info","message":"DAO.updateOneAndUpdate()  ","timestamp":"2015-07-03T23:15:45.629Z"}
{"level":"info","message":"DAO.delete() /api/menus ","timestamp":"2015-07-03T23:18:20.948Z"}
{"_id":"55970f7671701415520bfa63","level":"info","message":"DAO.updateOneAndUpdate()  ","timestamp":"2015-07-03T23:18:20.971Z"}
{"level":"info","message":"DAO.delete() /api/menus ","timestamp":"2015-07-03T23:18:35.497Z"}
{"_id":"55970f7671701415520bfa29","level":"info","message":"DAO.updateOneAndUpdate()  ","timestamp":"2015-07-03T23:18:35.528Z"}
{"level":"info","message":"DAO.delete() /api/menus ","timestamp":"2015-07-03T23:18:56.854Z"}
{"_id":"55970f7671701415520bfa29","level":"info","message":"DAO.updateOneAndUpdate()  ","timestamp":"2015-07-03T23:18:56.890Z"}
{"level":"info","message":"DAO.delete() /api/menus ","timestamp":"2015-07-03T23:19:23.838Z"}
{"_id":"55970f7671701415520bfa29","level":"info","message":"DAO.updateOneAndUpdate()  ","timestamp":"2015-07-03T23:19:23.890Z"}
{"level":"info","message":"DAO.delete() /api/menus ","timestamp":"2015-07-03T23:29:00.192Z"}
{"_id":"55970f7671701415520bfa29","level":"info","message":"DAO.updateOneAndUpdate()  ","timestamp":"2015-07-03T23:29:00.269Z"}
{"level":"info","message":"DAO.delete() /api/menus ","timestamp":"2015-07-03T23:29:04.626Z"}
{"_id":"55970f7671701415520bfa29","level":"info","message":"DAO.updateOneAndUpdate()  ","timestamp":"2015-07-03T23:29:04.684Z"}
{"level":"info","message":"DAO.delete() /api/menus ","timestamp":"2015-07-03T23:29:12.219Z"}
{"_id":"55970f7671701415520bfa29","level":"info","message":"DAO.updateOneAndUpdate()  ","timestamp":"2015-07-03T23:29:12.324Z"}
{"level":"info","message":"DAO.delete() /api/menus ","timestamp":"2015-07-03T23:29:15.036Z"}
{"_id":"55970f7671701415520bfa29","level":"info","message":"DAO.updateOneAndUpdate()  ","timestamp":"2015-07-03T23:29:15.079Z"}
{"level":"info","message":"DAO.delete() /api/menus ","timestamp":"2015-07-03T23:29:35.878Z"}
{"_id":"55970f7671701415520bfa29","level":"info","message":"DAO.updateOneAndUpdate()  ","timestamp":"2015-07-03T23:29:36.019Z"}
{"level":"info","message":"DAO.delete() /api/menus ","timestamp":"2015-07-03T23:29:42.679Z"}
{"_id":"55970f7671701415520bfa29","level":"info","message":"DAO.updateOneAndUpdate()  ","timestamp":"2015-07-03T23:29:42.732Z"}
{"level":"info","message":"DAO.delete() /api/menus ","timestamp":"2015-07-03T23:39:12.053Z"}
{"_id":"55971c53241613f656a5ed3a","level":"info","message":"DAO.updateOneAndUpdate()  ","timestamp":"2015-07-03T23:39:12.087Z"}
{"level":"info","message":"DAO.delete() /api/menus ","timestamp":"2015-07-03T23:48:09.321Z"}
{"_id":"55971c53241613f656a5ed3a","level":"info","message":"DAO.updateOneAndUpdate()  ","timestamp":"2015-07-03T23:48:09.345Z"}
{"level":"info","message":"DAO.delete() /api/menus ","timestamp":"2015-07-03T23:49:43.996Z"}
{"_id":"55971c53241613f656a5ed3a","level":"info","message":"DAO.updateOneAndUpdate()  ","timestamp":"2015-07-03T23:49:44.088Z"}
{"level":"info","message":"DAO.delete() /api/menus ","timestamp":"2015-07-03T23:49:55.386Z"}
{"_id":"55971c53241613f656a5ed3a","level":"info","message":"DAO.updateOneAndUpdate()  ","timestamp":"2015-07-03T23:49:55.419Z"}
{"_id":"55971c53241613f656a5ed3a","level":"info","message":"DAO.deleteOneAndUpdate() /api/pages ","timestamp":"2015-07-03T23:51:32.235Z"}
{"url":"/why-cms","level":"info","message":"DAO.delete() /api/menus ","timestamp":"2015-07-03T23:51:32.285Z"}
{"url":{"$in":["assets/images/jonpaulmiles_01journelfour_1435967159751/"]},"level":"info","message":"DAO.delete() /api/media ","timestamp":"2015-07-03T23:55:04.523Z"}
{"url":{"$in":["assets/images/jonpaulmiles_01journeltwo_1435968318344/","assets/images/jonpaulmiles_02journalone_1435968319050/","assets/images/jonpaulmiles_02journeleight_1435968319745/","assets/images/jonpaulmiles_02journelfive_1435968320319/"]},"level":"info","message":"DAO.delete() /api/media ","timestamp":"2015-07-04T00:06:08.857Z"}
{"url":{"$in":["assets/images/jonpaulmiles_02journalone_1435968440470/","assets/images/jonpaulmiles_02journeleight_1435968441169/","assets/images/jonpaulmiles_02journelfive_1435968441756/","assets/images/jonpaulmiles_02journelfour_1435968442397/"]},"level":"info","message":"DAO.delete() /api/media ","timestamp":"2015-07-04T00:07:43.874Z"}
{"url":{"$in":["assets/images/jonpaulmiles_02journeleight_1435968467387/","assets/images/jonpaulmiles_02journelfive_1435968468022/","assets/images/jonpaulmiles_02journelfour_1435968468769/","assets/images/jonpaulmiles_02journelseven_1435968469427/","assets/images/jonpaulmiles_01journeltwo_1435968968721/","assets/images/jonpaulmiles_02journalone_1435968969551/","assets/images/jonpaulmiles_02journeleight_1435968970544/","assets/images/jonpaulmiles_02journelfive_1435968971400/","assets/images/jonpaulmiles_02journelfour_1435968972317/","assets/images/jonpaulmiles_02journelseven_1435968973188/","assets/images/jonpaulmiles_02journelsix_1435968974133/"]},"level":"info","message":"DAO.delete() /api/media ","timestamp":"2015-07-04T00:36:22.634Z"}
{"level":"info","message":"DAO.delete() /api/menus ","timestamp":"2015-07-05T02:34:10.707Z"}
{"_id":"55971c53241613f656a5ed38","level":"info","message":"DAO.updateOneAndUpdate()  ","timestamp":"2015-07-05T02:34:10.746Z"}
{"level":"info","message":"DAO.delete() /api/menus ","timestamp":"2015-07-05T16:24:46.180Z"}
{"_id":"55971c53241613f656a5ed33","level":"info","message":"DAO.updateOneAndUpdate()  ","timestamp":"2015-07-05T16:24:46.214Z"}
{"level":"info","message":"DAO.delete() /api/menus ","timestamp":"2015-07-05T16:26:31.507Z"}
{"_id":"55971c53241613f656a5ed33","level":"info","message":"DAO.updateOneAndUpdate()  ","timestamp":"2015-07-05T16:26:31.529Z"}
{"_id":"55971c53241613f656a5ed33","level":"info","message":"DAO.updateOneAndUpdate()  ","timestamp":"2015-07-05T16:27:11.435Z"}
{"level":"info","message":"DAO.delete() /api/menus ","timestamp":"2015-07-05T16:27:22.345Z"}
{"_id":"55971c53241613f656a5ed33","level":"info","message":"DAO.updateOneAndUpdate()  ","timestamp":"2015-07-05T16:27:22.368Z"}
{"level":"info","message":"DAO.delete() /api/menus ","timestamp":"2015-07-05T16:28:15.828Z"}
{"_id":"55971c53241613f656a5ed33","level":"info","message":"DAO.updateOneAndUpdate()  ","timestamp":"2015-07-05T16:28:15.841Z"}
{"level":"info","message":"DAO.delete() /api/menus ","timestamp":"2015-07-05T16:34:40.869Z"}
{"_id":"55971c53241613f656a5ed33","level":"info","message":"DAO.updateOneAndUpdate()  ","timestamp":"2015-07-05T16:34:40.891Z"}
{"level":"info","message":"DAO.delete() /api/menus ","timestamp":"2015-07-05T16:38:22.256Z"}
{"_id":"55971c53241613f656a5ed33","level":"info","message":"DAO.updateOneAndUpdate()  ","timestamp":"2015-07-05T16:38:22.282Z"}
{"level":"info","message":"DAO.delete() /api/menus ","timestamp":"2015-07-05T16:38:28.089Z"}
{"_id":"55971c53241613f656a5ed33","level":"info","message":"DAO.updateOneAndUpdate()  ","timestamp":"2015-07-05T16:38:28.109Z"}
{"level":"info","message":"DAO.delete() /api/menus ","timestamp":"2015-07-05T16:39:15.370Z"}
{"_id":"55971c53241613f656a5ed33","level":"info","message":"DAO.updateOneAndUpdate()  ","timestamp":"2015-07-05T16:39:15.383Z"}
{"level":"info","message":"DAO.delete() /api/menus ","timestamp":"2015-07-05T16:42:23.995Z"}
{"_id":"55971c53241613f656a5ed33","level":"info","message":"DAO.updateOneAndUpdate()  ","timestamp":"2015-07-05T16:42:24.012Z"}
{"galleries":"gallery-1","level":"info","message":"DAO.update()  ","timestamp":"2015-07-07T01:36:13.538Z"}
{"_id":"55971c53241613f656a5ed38","level":"info","message":"DAO.updateOneAndUpdate()  ","timestamp":"2015-07-07T01:36:13.581Z"}
{"url":{"$in":["assets/images/jonpaulmiles_02journalone_1435970187149/","assets/images/jonpaulmiles_02journeleight_1435970187875/","assets/images/jonpaulmiles_02journelfive_1435970188457/"]},"level":"info","message":"DAO.update()  ","timestamp":"2015-07-07T01:36:13.595Z"}
{"_id":"55971c53241613f656a5ed38","level":"info","message":"DAO.updateOneAndUpdate()  ","timestamp":"2015-07-07T01:42:19.144Z"}
{"_id":"55971c53241613f656a5ed38","level":"info","message":"DAO.updateOneAndUpdate()  ","timestamp":"2015-07-07T01:44:54.691Z"}
{"level":"info","message":"DAO.delete() /api/menus ","timestamp":"2015-07-08T03:55:41.744Z"}
{"_id":"55971c53241613f656a5ed33","level":"info","message":"DAO.updateOneAndUpdate()  ","timestamp":"2015-07-08T03:55:41.787Z"}
{"level":"info","message":"DAO.delete() /api/menus ","timestamp":"2015-07-08T03:58:17.671Z"}
{"_id":"55971c53241613f656a5ed33","level":"info","message":"DAO.updateOneAndUpdate()  ","timestamp":"2015-07-08T03:58:17.688Z"}
{"_id":"55971c53241613f656a5ed33","level":"info","message":"DAO.updateOneAndUpdate()  ","timestamp":"2015-07-08T03:58:26.388Z"}
{"level":"info","message":"DAO.delete() /api/menus ","timestamp":"2015-07-08T03:58:39.166Z"}
{"_id":"55971c53241613f656a5ed33","level":"info","message":"DAO.updateOneAndUpdate()  ","timestamp":"2015-07-08T03:58:39.187Z"}
{"level":"info","message":"DAO.delete() /api/menus ","timestamp":"2015-07-08T03:58:49.654Z"}
{"_id":"55971c53241613f656a5ed33","level":"info","message":"DAO.updateOneAndUpdate()  ","timestamp":"2015-07-08T03:58:49.673Z"}
{"level":"info","message":"DAO.delete() /api/menus ","timestamp":"2015-07-08T03:59:06.314Z"}
{"_id":"55971c53241613f656a5ed33","level":"info","message":"DAO.updateOneAndUpdate()  ","timestamp":"2015-07-08T03:59:06.338Z"}
{"level":"info","message":"DAO.delete() /api/menus ","timestamp":"2015-07-08T04:00:04.709Z"}
{"_id":"55971c53241613f656a5ed33","level":"info","message":"DAO.updateOneAndUpdate()  ","timestamp":"2015-07-08T04:00:04.720Z"}
{"level":"info","message":"DAO.delete() /api/menus ","timestamp":"2015-07-08T04:02:19.992Z"}
{"_id":"55971c53241613f656a5ed33","level":"info","message":"DAO.updateOneAndUpdate()  ","timestamp":"2015-07-08T04:02:20.068Z"}
{"level":"info","message":"DAO.delete() /api/menus ","timestamp":"2015-07-08T04:02:32.910Z"}
{"_id":"55971c53241613f656a5ed33","level":"info","message":"DAO.updateOneAndUpdate()  ","timestamp":"2015-07-08T04:02:32.923Z"}
{"level":"info","message":"DAO.delete() /api/menus ","timestamp":"2015-07-08T04:03:18.908Z"}
{"_id":"55971c53241613f656a5ed33","level":"info","message":"DAO.updateOneAndUpdate()  ","timestamp":"2015-07-08T04:03:18.933Z"}
{"level":"info","message":"DAO.delete() /api/menus ","timestamp":"2015-07-08T04:03:46.069Z"}
{"_id":"55971c53241613f656a5ed33","level":"info","message":"DAO.updateOneAndUpdate()  ","timestamp":"2015-07-08T04:03:46.087Z"}
{"level":"info","message":"DAO.delete() /api/menus ","timestamp":"2015-07-08T04:04:38.521Z"}
{"_id":"55971c53241613f656a5ed33","level":"info","message":"DAO.updateOneAndUpdate()  ","timestamp":"2015-07-08T04:04:38.536Z"}
{"level":"info","message":"DAO.delete() /api/menus ","timestamp":"2015-07-08T04:06:43.441Z"}
{"_id":"559ca1c67aac4bcc7c3c5ed3","level":"info","message":"DAO.updateOneAndUpdate()  ","timestamp":"2015-07-08T04:06:43.463Z"}
{"level":"info","message":"DAO.delete() /api/menus ","timestamp":"2015-07-08T22:26:04.664Z"}
{"_id":"559ca1c67aac4bcc7c3c5ed3","level":"info","message":"DAO.updateOneAndUpdate()  ","timestamp":"2015-07-08T22:26:04.709Z"}
{"level":"info","message":"DAO.delete() /api/menus ","timestamp":"2015-07-08T22:26:11.141Z"}
{"_id":"559ca1c67aac4bcc7c3c5ed3","level":"info","message":"DAO.updateOneAndUpdate()  ","timestamp":"2015-07-08T22:26:11.207Z"}
{"level":"info","message":"DAO.delete() /api/menus ","timestamp":"2015-07-09T23:42:35.808Z"}
{"_id":"559ca1c67aac4bcc7c3c5ecc","level":"info","message":"DAO.updateOneAndUpdate()  ","timestamp":"2015-07-09T23:42:35.839Z"}
{"level":"info","message":"DAO.delete() /api/menus ","timestamp":"2015-07-09T23:43:27.463Z"}
{"_id":"559ca1c67aac4bcc7c3c5ecc","level":"info","message":"DAO.updateOneAndUpdate()  ","timestamp":"2015-07-09T23:43:27.494Z"}
{"level":"info","message":"DAO.delete() /api/menus ","timestamp":"2015-07-09T23:43:41.518Z"}
{"_id":"559ca1c67aac4bcc7c3c5ed3","level":"info","message":"DAO.updateOneAndUpdate()  ","timestamp":"2015-07-09T23:43:41.554Z"}
{"level":"info","message":"DAO.delete() /api/menus ","timestamp":"2015-07-09T23:45:32.684Z"}
{"_id":"559ca1c67aac4bcc7c3c5ed3","level":"info","message":"DAO.updateOneAndUpdate()  ","timestamp":"2015-07-09T23:45:32.742Z"}
{"level":"info","message":"DAO.delete() /api/menus ","timestamp":"2015-07-09T23:46:16.912Z"}
{"_id":"559ca1c67aac4bcc7c3c5ed3","level":"info","message":"DAO.updateOneAndUpdate()  ","timestamp":"2015-07-09T23:46:16.944Z"}
{"level":"info","message":"DAO.delete() /api/menus ","timestamp":"2015-07-09T23:47:02.932Z"}
{"_id":"559ca1c67aac4bcc7c3c5ed3","level":"info","message":"DAO.updateOneAndUpdate()  ","timestamp":"2015-07-09T23:47:02.969Z"}
{"level":"info","message":"DAO.delete() /api/menus ","timestamp":"2015-07-09T23:48:00.595Z"}
{"_id":"559ca1c67aac4bcc7c3c5ed3","level":"info","message":"DAO.updateOneAndUpdate()  ","timestamp":"2015-07-09T23:48:00.650Z"}
{"level":"info","message":"DAO.delete() /api/menus ","timestamp":"2015-07-09T23:48:16.119Z"}
{"_id":"559ca1c67aac4bcc7c3c5ed3","level":"info","message":"DAO.updateOneAndUpdate()  ","timestamp":"2015-07-09T23:48:16.149Z"}
{"level":"info","message":"DAO.delete() /api/menus ","timestamp":"2015-07-09T23:53:03.942Z"}
{"_id":"559ca1c67aac4bcc7c3c5ed3","level":"info","message":"DAO.updateOneAndUpdate()  ","timestamp":"2015-07-09T23:53:04.014Z"}
{"level":"info","message":"DAO.delete() /api/menus ","timestamp":"2015-07-09T23:53:19.595Z"}
{"_id":"559ca1c67aac4bcc7c3c5ed1","level":"info","message":"DAO.updateOneAndUpdate()  ","timestamp":"2015-07-09T23:53:19.648Z"}
{"level":"info","message":"DAO.delete() /api/menus ","timestamp":"2015-07-09T23:57:56.733Z"}
{"_id":"559f0a6f18ba5998a49b86a8","level":"info","message":"DAO.updateOneAndUpdate()  ","timestamp":"2015-07-09T23:57:56.768Z"}
{"level":"info","message":"DAO.delete() /api/menus ","timestamp":"2015-07-09T23:58:21.437Z"}
{"_id":"559ca1c67aac4bcc7c3c5ecc","level":"info","message":"DAO.updateOneAndUpdate()  ","timestamp":"2015-07-09T23:58:21.470Z"}
{"level":"info","message":"DAO.delete() /api/menus ","timestamp":"2015-07-09T23:58:25.083Z"}
{"_id":"559ca1c67aac4bcc7c3c5ecc","level":"info","message":"DAO.updateOneAndUpdate()  ","timestamp":"2015-07-09T23:58:25.120Z"}
{"level":"info","message":"DAO.delete() /api/menus ","timestamp":"2015-07-09T23:58:50.449Z"}
{"_id":"559ca1c67aac4bcc7c3c5ecc","level":"info","message":"DAO.updateOneAndUpdate()  ","timestamp":"2015-07-09T23:58:50.480Z"}
{"level":"info","message":"DAO.delete() /api/menus ","timestamp":"2015-07-09T23:58:54.553Z"}
{"_id":"559f0a6f18ba5998a49b86a8","level":"info","message":"DAO.updateOneAndUpdate()  ","timestamp":"2015-07-09T23:58:54.603Z"}
{"level":"info","message":"DAO.delete() /api/menus ","timestamp":"2015-07-10T00:05:27.879Z"}
{"_id":"559ca1c67aac4bcc7c3c5ed1","level":"info","message":"DAO.updateOneAndUpdate()  ","timestamp":"2015-07-10T00:05:27.938Z"}
{"level":"info","message":"DAO.delete() /api/menus ","timestamp":"2015-07-10T00:10:15.843Z"}
{"_id":"559f0a6f18ba5998a49b86a8","level":"info","message":"DAO.updateOneAndUpdate()  ","timestamp":"2015-07-10T00:10:15.899Z"}
{"level":"info","message":"DAO.delete() /api/menus ","timestamp":"2015-07-10T00:10:21.519Z"}
{"_id":"559ca1c67aac4bcc7c3c5ed3","level":"info","message":"DAO.updateOneAndUpdate()  ","timestamp":"2015-07-10T00:10:21.570Z"}
{"level":"info","message":"DAO.delete() /api/menus ","timestamp":"2015-07-10T00:10:31.325Z"}
{"_id":"559ca1c67aac4bcc7c3c5ed3","level":"info","message":"DAO.updateOneAndUpdate()  ","timestamp":"2015-07-10T00:10:31.357Z"}
{"level":"info","message":"DAO.delete() /api/menus ","timestamp":"2015-07-10T00:10:43.334Z"}
{"_id":"559ca1c67aac4bcc7c3c5ed1","level":"info","message":"DAO.updateOneAndUpdate()  ","timestamp":"2015-07-10T00:10:43.367Z"}
{"level":"info","message":"DAO.delete() /api/menus ","timestamp":"2015-07-10T00:13:48.243Z"}
{"_id":"559ca1c67aac4bcc7c3c5ed3","level":"info","message":"DAO.updateOneAndUpdate()  ","timestamp":"2015-07-10T00:13:48.304Z"}
{"level":"info","message":"DAO.delete() /api/menus ","timestamp":"2015-07-10T00:14:34.820Z"}
{"_id":"559ca1c67aac4bcc7c3c5ecc","level":"info","message":"DAO.updateOneAndUpdate()  ","timestamp":"2015-07-10T00:14:34.856Z"}
{"_id":"559f0a6f18ba5998a49b86a8","level":"info","message":"DAO.deleteOneAndUpdate() /api/pages ","timestamp":"2015-07-10T01:40:30.350Z"}
{"url":"/yahoo","level":"info","message":"DAO.delete() /api/menus ","timestamp":"2015-07-10T01:40:30.382Z"}
{"level":"info","message":"DAO.delete() /api/menus ","timestamp":"2015-07-10T01:40:36.826Z"}
{"_id":"559ca1c67aac4bcc7c3c5ed3","level":"info","message":"DAO.updateOneAndUpdate()  ","timestamp":"2015-07-10T01:40:36.882Z"}
{"level":"info","message":"DAO.delete() /api/menus ","timestamp":"2015-07-10T01:41:09.113Z"}
{"_id":"559ca1c67aac4bcc7c3c5ed3","level":"info","message":"DAO.updateOneAndUpdate()  ","timestamp":"2015-07-10T01:41:09.138Z"}
{"level":"info","message":"DAO.delete() /api/menus ","timestamp":"2015-07-10T01:41:32.850Z"}
{"_id":"559ca1c67aac4bcc7c3c5ed3","level":"info","message":"DAO.updateOneAndUpdate()  ","timestamp":"2015-07-10T01:41:32.880Z"}
{"level":"info","message":"DAO.delete() /api/menus ","timestamp":"2015-07-10T01:52:48.422Z"}
{"galleries":"test","level":"info","message":"DAO.update()  ","timestamp":"2015-07-10T01:52:48.560Z"}
{"_id":"559ca1c67aac4bcc7c3c5ed3","level":"info","message":"DAO.updateOneAndUpdate()  ","timestamp":"2015-07-10T01:52:48.561Z"}
{"url":{"$in":["assets/images/jonpaulmiles_02journeleight_1435970187875/","assets/images/jonpaulmiles_02journelfive_1435970188457/","assets/images/jonpaulmiles_02journelfour_1436233491171/"]},"level":"info","message":"DAO.update()  ","timestamp":"2015-07-10T01:52:48.581Z"}
{"level":"info","message":"DAO.delete() /api/menus ","timestamp":"2015-07-10T01:56:21.106Z"}
{"_id":"559ca1c67aac4bcc7c3c5ed3","level":"info","message":"DAO.updateOneAndUpdate()  ","timestamp":"2015-07-10T01:56:21.136Z"}
{"contentName":"best-panel","level":"info","message":"DAO.upsert()  ","timestamp":"2015-07-10T01:56:21.169Z"}
{"url":{"$in":["assets/images/jonpaulmiles_01journelfour_1436233416218/","assets/images/screen-shot-2015-06-29-at-12-06-25-am_1436233358551/"]},"level":"info","message":"DAO.delete() /api/media ","timestamp":"2015-07-10T01:56:55.652Z"}
{"level":"info","message":"DAO.delete() /api/menus ","timestamp":"2015-07-10T01:57:22.370Z"}
{"galleries":"test","level":"info","message":"DAO.update()  ","timestamp":"2015-07-10T01:57:22.371Z"}
{"_id":"559ca1c67aac4bcc7c3c5ed3","level":"info","message":"DAO.updateOneAndUpdate()  ","timestamp":"2015-07-10T01:57:22.398Z"}
{"contentName":"best-panel","level":"info","message":"DAO.upsert()  ","timestamp":"2015-07-10T01:57:22.419Z"}
{"url":{"$in":["assets/images/jonpaulmiles_02journelfive_1435970188457/","assets/images/jonpaulmiles_02journelfour_1436233491171/"]},"level":"info","message":"DAO.update()  ","timestamp":"2015-07-10T01:57:22.460Z"}
{"level":"info","message":"DAO.delete() /api/menus ","timestamp":"2015-07-10T01:58:07.697Z"}
{"_id":"559ca1c67aac4bcc7c3c5ed3","level":"info","message":"DAO.updateOneAndUpdate()  ","timestamp":"2015-07-10T01:58:07.720Z"}
{"contentName":"best-panel","level":"info","message":"DAO.upsert()  ","timestamp":"2015-07-10T01:58:07.737Z"}
{"contentName":"best-panel","level":"info","message":"DAO.upsert()  ","timestamp":"2015-07-10T01:58:07.741Z"}
{"level":"info","message":"DAO.delete() /api/menus ","timestamp":"2015-07-10T01:58:15.744Z"}
{"_id":"559ca1c67aac4bcc7c3c5ed3","level":"info","message":"DAO.updateOneAndUpdate()  ","timestamp":"2015-07-10T01:58:15.772Z"}
{"contentName":"best-panel","level":"info","message":"DAO.upsert()  ","timestamp":"2015-07-10T01:58:15.785Z"}
{"contentName":"best-panel","level":"info","message":"DAO.upsert()  ","timestamp":"2015-07-10T01:58:15.796Z"}
{"level":"info","message":"DAO.delete() /api/menus ","timestamp":"2015-07-10T01:58:30.272Z"}
{"_id":"559ca1c67aac4bcc7c3c5ed1","level":"info","message":"DAO.updateOneAndUpdate()  ","timestamp":"2015-07-10T01:58:30.301Z"}
{"contentName":"best-panel","level":"info","message":"DAO.upsert()  ","timestamp":"2015-07-10T01:58:30.318Z"}
{"level":"info","message":"DAO.delete() /api/menus ","timestamp":"2015-07-10T01:58:42.627Z"}
{"_id":"559ca1c67aac4bcc7c3c5ed1","level":"info","message":"DAO.updateOneAndUpdate()  ","timestamp":"2015-07-10T01:58:42.677Z"}
{"contentName":"best-panel","level":"info","message":"DAO.upsert()  ","timestamp":"2015-07-10T01:58:42.681Z"}
{"level":"info","message":"DAO.delete() /api/menus ","timestamp":"2015-07-10T01:58:52.221Z"}
{"_id":"559ca1c67aac4bcc7c3c5ed3","level":"info","message":"DAO.updateOneAndUpdate()  ","timestamp":"2015-07-10T01:58:52.247Z"}
{"contentName":"best-panel","level":"info","message":"DAO.upsert()  ","timestamp":"2015-07-10T01:58:52.249Z"}
{"level":"info","message":"DAO.delete() /api/menus ","timestamp":"2015-07-10T01:59:20.683Z"}
{"_id":"559ca1c67aac4bcc7c3c5ecc","level":"info","message":"DAO.updateOneAndUpdate()  ","timestamp":"2015-07-10T01:59:20.703Z"}
{"level":"info","message":"DAO.delete() /api/menus ","timestamp":"2015-07-10T01:59:24.142Z"}
{"_id":"559ca1c67aac4bcc7c3c5ecc","level":"info","message":"DAO.updateOneAndUpdate()  ","timestamp":"2015-07-10T01:59:24.164Z"}
{"level":"info","message":"DAO.delete() /api/menus ","timestamp":"2015-07-10T01:59:34.463Z"}
{"_id":"559ca1c67aac4bcc7c3c5ed1","level":"info","message":"DAO.updateOneAndUpdate()  ","timestamp":"2015-07-10T01:59:34.484Z"}
{"contentName":"best-panel","level":"info","message":"DAO.upsert()  ","timestamp":"2015-07-10T01:59:34.502Z"}
{"level":"info","message":"DAO.delete() /api/menus ","timestamp":"2015-07-10T01:59:40.301Z"}
{"_id":"559ca1c67aac4bcc7c3c5ed1","level":"info","message":"DAO.updateOneAndUpdate()  ","timestamp":"2015-07-10T01:59:40.326Z"}
{"contentName":"best-panel","level":"info","message":"DAO.upsert()  ","timestamp":"2015-07-10T01:59:40.340Z"}
{"level":"info","message":"DAO.delete() /api/menus ","timestamp":"2015-07-10T01:59:55.009Z"}
{"_id":"559ca1c67aac4bcc7c3c5ed1","level":"info","message":"DAO.updateOneAndUpdate()  ","timestamp":"2015-07-10T01:59:55.062Z"}
{"contentName":"best-panel","level":"info","message":"DAO.upsert()  ","timestamp":"2015-07-10T01:59:55.070Z"}
{"level":"info","message":"DAO.delete() /api/menus ","timestamp":"2015-07-10T02:00:59.490Z"}
{"_id":"559ca1c67aac4bcc7c3c5ed3","level":"info","message":"DAO.updateOneAndUpdate()  ","timestamp":"2015-07-10T02:00:59.541Z"}
{"contentName":"best-panel","level":"info","message":"DAO.upsert()  ","timestamp":"2015-07-10T02:00:59.543Z"}
{"level":"info","message":"DAO.delete() /api/menus ","timestamp":"2015-07-10T02:01:08.163Z"}
{"_id":"559ca1c67aac4bcc7c3c5ed1","level":"info","message":"DAO.updateOneAndUpdate()  ","timestamp":"2015-07-10T02:01:08.187Z"}
{"contentName":"best-panel","level":"info","message":"DAO.upsert()  ","timestamp":"2015-07-10T02:01:08.237Z"}
{"level":"info","message":"DAO.delete() /api/menus ","timestamp":"2015-07-10T02:01:16.804Z"}
{"_id":"559ca1c67aac4bcc7c3c5ed1","level":"info","message":"DAO.updateOneAndUpdate()  ","timestamp":"2015-07-10T02:01:16.829Z"}
{"level":"info","message":"DAO.delete() /api/menus ","timestamp":"2015-07-10T02:01:25.134Z"}
{"_id":"559ca1c67aac4bcc7c3c5ed3","level":"info","message":"DAO.updateOneAndUpdate()  ","timestamp":"2015-07-10T02:01:25.163Z"}
{"contentName":{"$in":["best-panel"]},"level":"info","message":"DAO.delete() /api/shared-content ","timestamp":"2015-07-10T02:01:25.209Z"}
{"level":"info","message":"DAO.delete() /api/menus ","timestamp":"2015-07-10T02:05:23.858Z"}
{"_id":"559ca1c67aac4bcc7c3c5ed3","level":"info","message":"DAO.updateOneAndUpdate()  ","timestamp":"2015-07-10T02:05:23.880Z"}
{"level":"info","message":"DAO.delete() /api/menus ","timestamp":"2015-07-10T02:05:40.146Z"}
{"_id":"559ca1c67aac4bcc7c3c5ed3","level":"info","message":"DAO.updateOneAndUpdate()  ","timestamp":"2015-07-10T02:05:40.181Z"}
{"level":"info","message":"DAO.delete() /api/menus ","timestamp":"2015-07-10T02:05:47.982Z"}
{"_id":"559ca1c67aac4bcc7c3c5ed3","level":"info","message":"DAO.updateOneAndUpdate()  ","timestamp":"2015-07-10T02:05:48.056Z"}
{"level":"info","message":"DAO.delete() /api/menus ","timestamp":"2015-07-10T02:06:38.626Z"}
{"_id":"559ca1c67aac4bcc7c3c5ed3","level":"info","message":"DAO.updateOneAndUpdate()  ","timestamp":"2015-07-10T02:06:38.647Z"}
{"level":"info","message":"DAO.delete() /api/menus ","timestamp":"2015-07-10T02:06:46.181Z"}
{"_id":"559ca1c67aac4bcc7c3c5ed3","level":"info","message":"DAO.updateOneAndUpdate()  ","timestamp":"2015-07-10T02:06:46.218Z"}
{"_id":"559ca1c20b8e92be7ca4992f","level":"info","message":"DAO.update()  ","timestamp":"2015-07-10T02:07:43.862Z"}
{"_id":"559ca1c20b8e92be7ca4992f","level":"info","message":"DAO.update()  ","timestamp":"2015-07-10T02:07:44.744Z"}
{"_id":"559ca1c20b8e92be7ca4992e","level":"info","message":"DAO.update()  ","timestamp":"2015-07-10T02:07:46.617Z"}
{"_id":"559ca1c20b8e92be7ca4992e","level":"info","message":"DAO.update()  ","timestamp":"2015-07-10T02:07:47.118Z"}
{"_id":"559ca1c67aac4bcc7c3c5ecb","level":"info","message":"DAO.update()  ","timestamp":"2015-07-10T02:08:02.438Z"}
{"level":"info","message":"DAO.delete() /api/menus ","timestamp":"2015-07-10T02:09:34.111Z"}
{"_id":"559ca1c67aac4bcc7c3c5ed1","level":"info","message":"DAO.updateOneAndUpdate()  ","timestamp":"2015-07-10T02:09:34.138Z"}
{"level":"info","message":"DAO.delete() /api/menus ","timestamp":"2015-07-10T02:10:11.954Z"}
{"_id":"559ca1c67aac4bcc7c3c5ed1","level":"info","message":"DAO.updateOneAndUpdate()  ","timestamp":"2015-07-10T02:10:11.976Z"}
{"level":"info","message":"DAO.delete() /api/menus ","timestamp":"2015-07-10T02:10:36.371Z"}
{"_id":"559ca1c67aac4bcc7c3c5ed1","level":"info","message":"DAO.updateOneAndUpdate()  ","timestamp":"2015-07-10T02:10:36.392Z"}
{"level":"info","message":"DAO.delete() /api/menus ","timestamp":"2015-07-10T02:10:46.189Z"}
{"_id":"559ca1c67aac4bcc7c3c5ed1","level":"info","message":"DAO.updateOneAndUpdate()  ","timestamp":"2015-07-10T02:10:46.244Z"}
{"level":"info","message":"DAO.delete() /api/menus ","timestamp":"2015-07-10T02:10:56.321Z"}
{"_id":"559ca1c67aac4bcc7c3c5ed1","level":"info","message":"DAO.updateOneAndUpdate()  ","timestamp":"2015-07-10T02:10:56.346Z"}
{"level":"info","message":"DAO.delete() /api/menus ","timestamp":"2015-07-10T02:11:08.098Z"}
{"_id":"559ca1c67aac4bcc7c3c5ed1","level":"info","message":"DAO.updateOneAndUpdate()  ","timestamp":"2015-07-10T02:11:08.137Z"}
{"level":"info","message":"DAO.delete() /api/menus ","timestamp":"2015-07-10T02:11:25.375Z"}
{"_id":"559ca1c67aac4bcc7c3c5ed1","level":"info","message":"DAO.updateOneAndUpdate()  ","timestamp":"2015-07-10T02:11:25.397Z"}
{"_id":"559f0a0118ba5998a49b86a6","level":"info","message":"DAO.update()  ","timestamp":"2015-07-10T02:11:51.417Z"}
{"level":"info","message":"DAO.delete() /api/menus ","timestamp":"2015-07-10T02:12:24.953Z"}
{"_id":"559ca1c67aac4bcc7c3c5ecc","level":"info","message":"DAO.updateOneAndUpdate()  ","timestamp":"2015-07-10T02:12:24.974Z"}
{"level":"info","message":"DAO.delete() /api/menus ","timestamp":"2015-07-10T02:12:37.427Z"}
{"_id":"559ca1c67aac4bcc7c3c5ecc","level":"info","message":"DAO.updateOneAndUpdate()  ","timestamp":"2015-07-10T02:12:37.448Z"}
{"level":"info","message":"DAO.delete() /api/menus ","timestamp":"2015-07-10T02:12:42.445Z"}
{"_id":"559ca1c67aac4bcc7c3c5ecc","level":"info","message":"DAO.updateOneAndUpdate()  ","timestamp":"2015-07-10T02:12:42.482Z"}
{"_id":"559ca1c20b8e92be7ca4992f","level":"info","message":"DAO.update()  ","timestamp":"2015-07-10T02:13:07.073Z"}
{"level":"info","message":"DAO.delete() /api/comments ","timestamp":"2015-07-10T02:13:18.705Z"}
{"url":{"$in":["assets/images/jonpaulmiles_02journeleight_1435970187875/","assets/images/jonpaulmiles_02journelfive_1435970188457/","assets/images/jonpaulmiles_02journelfour_1436233491171/"]},"level":"info","message":"DAO.update()  ","timestamp":"2015-07-10T02:13:33.724Z"}
{"_id":"55972a8a58ac079d57ac3f70","level":"info","message":"DAO.update()  ","timestamp":"2015-07-10T02:13:51.749Z"}
{"_id":"55972a8b58ac079d57ac3f71","level":"info","message":"DAO.update()  ","timestamp":"2015-07-10T02:13:57.318Z"}
{"_id":"55972a8b58ac079d57ac3f72","level":"info","message":"DAO.update()  ","timestamp":"2015-07-10T02:14:13.933Z"}
{"level":"info","message":"DAO.delete() /api/menus ","timestamp":"2015-07-10T02:15:01.670Z"}
{"_id":"559ca1c67aac4bcc7c3c5ed1","level":"info","message":"DAO.updateOneAndUpdate()  ","timestamp":"2015-07-10T02:15:01.697Z"}
{"_id":"559f0a0118ba5998a49b86a2","level":"info","message":"DAO.update()  ","timestamp":"2015-07-10T02:16:03.866Z"}
{"_id":"559f0a0118ba5998a49b86a2","level":"info","message":"DAO.update()  ","timestamp":"2015-07-10T02:16:05.173Z"}
{"level":"info","message":"DAO.delete() /api/menus ","timestamp":"2015-07-10T02:21:55.658Z"}
{"_id":"559ca1c67aac4bcc7c3c5ed3","level":"info","message":"DAO.updateOneAndUpdate()  ","timestamp":"2015-07-10T02:21:55.711Z"}
{"level":"info","message":"DAO.delete() /api/menus ","timestamp":"2015-07-10T02:27:56.387Z"}
{"_id":"559ca1c67aac4bcc7c3c5ed1","level":"info","message":"DAO.updateOneAndUpdate()  ","timestamp":"2015-07-10T02:27:56.420Z"}
{"level":"info","message":"DAO.delete() /api/menus ","timestamp":"2015-07-10T02:28:29.536Z"}
{"_id":"559ca1c67aac4bcc7c3c5ed3","level":"info","message":"DAO.updateOneAndUpdate()  ","timestamp":"2015-07-10T02:28:29.569Z"}
{"level":"info","message":"DAO.delete() /api/menus ","timestamp":"2015-07-10T02:30:30.924Z"}
{"_id":"559ca1c67aac4bcc7c3c5ed1","level":"info","message":"DAO.updateOneAndUpdate()  ","timestamp":"2015-07-10T02:30:30.962Z"}
{"level":"info","message":"DAO.delete() /api/menus ","timestamp":"2015-07-10T02:30:39.599Z"}
{"_id":"559ca1c67aac4bcc7c3c5ed1","level":"info","message":"DAO.updateOneAndUpdate()  ","timestamp":"2015-07-10T02:30:39.621Z"}
{"folderName":"extensible-areas-extension","level":"info","message":"DAO.delete() /api/extension ","timestamp":"2015-07-10T02:33:15.399Z"}
{"folderName":"extensible-areas-extension","level":"info","message":"DAO.delete() /api/extension ","timestamp":"2015-07-10T02:38:30.055Z"}
{"folderName":"extensible-areas-extension","level":"info","message":"DAO.delete() /api/extension ","timestamp":"2015-07-10T02:39:14.831Z"}
{"folderName":"extensible-areas-extension","level":"info","message":"DAO.delete() /api/extension ","timestamp":"2015-07-10T02:40:07.299Z"}
{"folderName":"extensible-areas-extension","level":"info","message":"DAO.delete() /api/extension ","timestamp":"2015-07-10T02:40:51.712Z"}
{"folderName":"extensible-areas-extension","level":"info","message":"DAO.delete() /api/extension ","timestamp":"2015-07-10T02:42:19.358Z"}
{"folderName":"extensible-areas-extension","level":"info","message":"DAO.delete() /api/extension ","timestamp":"2015-07-10T02:43:09.414Z"}
{"folderName":"extensible-areas-extension","level":"info","message":"DAO.delete() /api/extension ","timestamp":"2015-07-10T02:43:49.168Z"}
{"folderName":"extensible-areas-extension","level":"info","message":"DAO.delete() /api/extension ","timestamp":"2015-07-10T02:44:06.151Z"}
{"folderName":"extensible-areas-extension","level":"info","message":"DAO.delete() /api/extension ","timestamp":"2015-07-10T02:45:20.563Z"}
{"folderName":"extensible-areas-extension","level":"info","message":"DAO.delete() /api/extension ","timestamp":"2015-07-10T02:46:21.378Z"}
{"level":"info","message":"DAO.delete() /api/menus ","timestamp":"2015-07-10T03:06:52.778Z"}
{"_id":"559f36c01add5f45afef7f42","level":"info","message":"DAO.updateOneAndUpdate()  ","timestamp":"2015-07-10T03:06:52.838Z"}
{"level":"info","message":"DAO.delete() /api/menus ","timestamp":"2015-07-10T03:07:06.695Z"}
{"_id":"559f36c01add5f45afef7f42","level":"info","message":"DAO.updateOneAndUpdate()  ","timestamp":"2015-07-10T03:07:06.757Z"}
{"_id":"559f36c01add5f45afef7f42","level":"info","message":"DAO.deleteOneAndUpdate() /api/pages ","timestamp":"2015-07-10T03:07:29.415Z"}
{"url":"/best-day","level":"info","message":"DAO.delete() /api/menus ","timestamp":"2015-07-10T03:07:29.501Z"}
{"level":"info","message":"DAO.delete() /api/menus ","timestamp":"2015-07-10T03:07:46.674Z"}
{"_id":"559ca1c67aac4bcc7c3c5ecc","level":"info","message":"DAO.updateOneAndUpdate()  ","timestamp":"2015-07-10T03:07:46.705Z"}
{"level":"info","message":"DAO.delete() /api/menus ","timestamp":"2015-07-10T03:07:57.238Z"}
{"_id":"559ca1c67aac4bcc7c3c5ecc","level":"info","message":"DAO.updateOneAndUpdate()  ","timestamp":"2015-07-10T03:07:57.266Z"}
{"level":"info","message":"DAO.delete() /api/menus ","timestamp":"2015-07-10T03:09:02.169Z"}
{"_id":"559ca1c67aac4bcc7c3c5ed1","level":"info","message":"DAO.updateOneAndUpdate()  ","timestamp":"2015-07-10T03:09:02.211Z"}
{"level":"info","message":"DAO.delete() /api/menus ","timestamp":"2015-07-10T03:09:26.771Z"}
{"_id":"559ca1c67aac4bcc7c3c5ed1","level":"info","message":"DAO.updateOneAndUpdate()  ","timestamp":"2015-07-10T03:09:26.806Z"}
{"level":"info","message":"DAO.delete() /api/menus ","timestamp":"2015-07-10T03:09:43.467Z"}
{"_id":"559ca1c67aac4bcc7c3c5ed1","level":"info","message":"DAO.updateOneAndUpdate()  ","timestamp":"2015-07-10T03:09:43.507Z"}
{"level":"info","message":"DAO.delete() /api/menus ","timestamp":"2015-07-10T03:11:06.101Z"}
{"_id":"559ca1c67aac4bcc7c3c5ed1","level":"info","message":"DAO.updateOneAndUpdate()  ","timestamp":"2015-07-10T03:11:06.134Z"}
{"level":"info","message":"DAO.delete() /api/menus ","timestamp":"2015-07-10T03:11:32.937Z"}
{"_id":"559ca1c67aac4bcc7c3c5ed1","level":"info","message":"DAO.updateOneAndUpdate()  ","timestamp":"2015-07-10T03:11:32.971Z"}
{"level":"info","message":"DAO.delete() /api/menus ","timestamp":"2015-07-10T03:11:51.530Z"}
{"_id":"559ca1c67aac4bcc7c3c5ed1","level":"info","message":"DAO.updateOneAndUpdate()  ","timestamp":"2015-07-10T03:11:51.560Z"}
{"level":"info","message":"DAO.delete() /api/menus ","timestamp":"2015-07-11T02:33:03.248Z"}
{"_id":"559ca1c67aac4bcc7c3c5ed3","level":"info","message":"DAO.updateOneAndUpdate()  ","timestamp":"2015-07-11T02:33:03.381Z"}
{"_id":"55a080685f505d04b253c402","level":"info","message":"DAO.update()  ","timestamp":"2015-07-11T02:33:58.228Z"}
{"level":"info","message":"DAO.delete() /api/menus ","timestamp":"2015-07-11T03:01:09.845Z"}
{"_id":"559ca1c67aac4bcc7c3c5ed3","level":"info","message":"DAO.updateOneAndUpdate()  ","timestamp":"2015-07-11T03:01:09.918Z"}
{"level":"info","message":"DAO.delete() /api/comments ","timestamp":"2015-07-11T03:09:44.022Z"}
{"level":"info","message":"DAO.delete() /api/menus ","timestamp":"2015-07-11T19:15:17.412Z"}
{"galleries":"gallery-3","level":"info","message":"DAO.update()  ","timestamp":"2015-07-11T19:15:17.422Z"}
{"_id":"559ca1c67aac4bcc7c3c5ed3","level":"info","message":"DAO.updateOneAndUpdate()  ","timestamp":"2015-07-11T19:15:17.455Z"}
{"url":{"$in":["assets/images/jonpaulmiles_02journelfive_1435970188457/","assets/images/jonpaulmiles_02journeleight_1435970187875/","assets/images/jonpaulmiles_02journalone_1435970187149/","assets/images/jonpaulmiles_01journeltwo_1435970186473/"]},"level":"info","message":"DAO.update()  ","timestamp":"2015-07-11T19:15:17.513Z"}
{"level":"info","message":"DAO.delete() /api/menus ","timestamp":"2015-07-11T19:15:36.479Z"}
{"_id":"559ca1c67aac4bcc7c3c5ed1","level":"info","message":"DAO.updateOneAndUpdate()  ","timestamp":"2015-07-11T19:15:36.508Z"}
{"level":"info","message":"DAO.delete() /api/menus ","timestamp":"2015-07-11T19:15:41.560Z"}
{"_id":"559ca1c67aac4bcc7c3c5ed1","level":"info","message":"DAO.updateOneAndUpdate()  ","timestamp":"2015-07-11T19:15:41.582Z"}
{"level":"info","message":"DAO.delete() /api/menus ","timestamp":"2015-07-11T19:15:52.714Z"}
{"_id":"559ca1c67aac4bcc7c3c5ed1","level":"info","message":"DAO.updateOneAndUpdate()  ","timestamp":"2015-07-11T19:15:52.737Z"}
{"_id":"55a1eb89e8b867bbbb3a7f26","level":"info","message":"DAO.update()  ","timestamp":"2015-07-12T04:23:17.505Z"}
{"level":"info","message":"DAO.delete() /api/menus ","timestamp":"2015-07-17T00:38:52.497Z"}
{"_id":"559ca1c67aac4bcc7c3c5ed1","level":"info","message":"DAO.updateOneAndUpdate()  ","timestamp":"2015-07-17T00:38:52.543Z"}
{"level":"info","message":"DAO.delete() /api/menus ","timestamp":"2015-07-17T00:43:35.359Z"}
{"_id":"559ca1c67aac4bcc7c3c5ed1","level":"info","message":"DAO.updateOneAndUpdate()  ","timestamp":"2015-07-17T00:43:35.427Z"}
{"level":"info","message":"DAO.delete() /api/menus ","timestamp":"2015-07-17T00:45:08.283Z"}
{"_id":"559ca1c67aac4bcc7c3c5ed1","level":"info","message":"DAO.updateOneAndUpdate()  ","timestamp":"2015-07-17T00:45:08.307Z"}
{"level":"info","message":"DAO.delete() /api/menus ","timestamp":"2015-07-17T00:49:56.092Z"}
{"_id":"559ca1c67aac4bcc7c3c5ed1","level":"info","message":"DAO.updateOneAndUpdate()  ","timestamp":"2015-07-17T00:49:56.122Z"}
{"level":"info","message":"DAO.delete() /api/menus ","timestamp":"2015-07-17T00:53:04.605Z"}
{"_id":"559ca1c67aac4bcc7c3c5ed1","level":"info","message":"DAO.updateOneAndUpdate()  ","timestamp":"2015-07-17T00:53:04.671Z"}
{"level":"info","message":"DAO.delete() /api/menus ","timestamp":"2015-07-17T00:57:53.578Z"}
{"_id":"559ca1c67aac4bcc7c3c5ed1","level":"info","message":"DAO.updateOneAndUpdate()  ","timestamp":"2015-07-17T00:57:53.621Z"}
{"level":"info","message":"DAO.delete() /api/menus ","timestamp":"2015-07-17T00:58:43.351Z"}
{"_id":"559ca1c67aac4bcc7c3c5ed1","level":"info","message":"DAO.updateOneAndUpdate()  ","timestamp":"2015-07-17T00:58:43.381Z"}
{"level":"info","message":"DAO.delete() /api/menus ","timestamp":"2015-07-17T01:03:01.155Z"}
{"_id":"559ca1c67aac4bcc7c3c5ed1","level":"info","message":"DAO.updateOneAndUpdate()  ","timestamp":"2015-07-17T01:03:01.206Z"}
{"level":"info","message":"DAO.delete() /api/menus ","timestamp":"2015-07-17T01:03:55.047Z"}
{"_id":"559ca1c67aac4bcc7c3c5ed1","level":"info","message":"DAO.updateOneAndUpdate()  ","timestamp":"2015-07-17T01:03:55.087Z"}
{"level":"info","message":"DAO.delete() /api/menus ","timestamp":"2015-07-17T01:04:56.627Z"}
{"_id":"559ca1c67aac4bcc7c3c5ed1","level":"info","message":"DAO.updateOneAndUpdate()  ","timestamp":"2015-07-17T01:04:56.661Z"}
{"level":"info","message":"DAO.delete() /api/menus ","timestamp":"2015-07-17T01:05:00.124Z"}
{"_id":"559ca1c67aac4bcc7c3c5ed1","level":"info","message":"DAO.updateOneAndUpdate()  ","timestamp":"2015-07-17T01:05:00.154Z"}
{"level":"info","message":"DAO.delete() /api/menus ","timestamp":"2015-07-17T01:05:39.151Z"}
{"_id":"559ca1c67aac4bcc7c3c5ed1","level":"info","message":"DAO.updateOneAndUpdate()  ","timestamp":"2015-07-17T01:05:39.184Z"}
{"level":"info","message":"DAO.delete() /api/menus ","timestamp":"2015-07-17T01:05:52.083Z"}
{"_id":"559ca1c67aac4bcc7c3c5ed1","level":"info","message":"DAO.updateOneAndUpdate()  ","timestamp":"2015-07-17T01:05:52.113Z"}
{"level":"info","message":"DAO.delete() /api/menus ","timestamp":"2015-07-17T01:09:40.190Z"}
{"_id":"559ca1c67aac4bcc7c3c5ed1","level":"info","message":"DAO.updateOneAndUpdate()  ","timestamp":"2015-07-17T01:09:40.228Z"}
{"level":"info","message":"DAO.delete() /api/menus ","timestamp":"2015-07-18T15:24:56.762Z"}
{"_id":"559ca1c67aac4bcc7c3c5ed1","level":"info","message":"DAO.updateOneAndUpdate()  ","timestamp":"2015-07-18T15:24:56.804Z"}
{"level":"info","message":"DAO.delete() /api/menus ","timestamp":"2015-07-18T15:25:38.529Z"}
{"_id":"559ca1c67aac4bcc7c3c5ed1","level":"info","message":"DAO.updateOneAndUpdate()  ","timestamp":"2015-07-18T15:25:38.557Z"}
{"level":"info","message":"DAO.delete() /api/menus ","timestamp":"2015-07-18T15:25:48.733Z"}
{"_id":"559ca1c67aac4bcc7c3c5ed1","level":"info","message":"DAO.updateOneAndUpdate()  ","timestamp":"2015-07-18T15:25:48.758Z"}
{"level":"info","message":"DAO.delete() /api/menus ","timestamp":"2015-07-18T18:57:24.439Z"}
{"_id":"55aa993a555b0609125be055","level":"info","message":"DAO.updateOneAndUpdate()  ","timestamp":"2015-07-18T18:57:24.461Z"}
{"level":"info","message":"DAO.delete() /api/comments ","timestamp":"2015-07-18T19:06:56.033Z"}
{"level":"info","message":"DAO.delete() /api/comments ","timestamp":"2015-07-18T19:09:11.965Z"}
{"level":"info","message":"DAO.delete() /api/comments ","timestamp":"2015-07-18T19:09:42.539Z"}
{"level":"info","message":"DAO.delete() /api/comments ","timestamp":"2015-07-18T19:10:39.215Z"}
{"level":"info","message":"DAO.delete() /api/comments ","timestamp":"2015-07-18T19:11:05.616Z"}
{"level":"info","message":"DAO.delete() /api/comments ","timestamp":"2015-07-18T19:11:45.805Z"}
{"level":"info","message":"DAO.delete() /api/comments ","timestamp":"2015-07-18T19:12:54.330Z"}
{"level":"info","message":"DAO.delete() /api/comments ","timestamp":"2015-07-18T19:13:31.716Z"}
{"level":"info","message":"DAO.delete() /api/comments ","timestamp":"2015-07-19T17:09:04.614Z"}
{"level":"info","message":"DAO.delete() /api/comments ","timestamp":"2015-07-19T17:10:44.960Z"}
{"level":"info","message":"DAO.delete() /api/comments ","timestamp":"2015-07-19T17:11:00.274Z"}
{"level":"info","message":"DAO.delete() /api/comments ","timestamp":"2015-07-19T17:11:36.810Z"}
{"level":"info","message":"DAO.delete() /api/comments ","timestamp":"2015-07-19T17:12:20.851Z"}
{"level":"info","message":"DAO.delete() /api/menus ","timestamp":"2015-07-19T17:16:27.187Z"}
{"_id":"55abda081a3ad3f5055bb285","level":"info","message":"DAO.updateOneAndUpdate()  ","timestamp":"2015-07-19T17:16:27.226Z"}
{"level":"info","message":"DAO.delete() /api/menus ","timestamp":"2015-07-19T18:32:11.675Z"}
{"_id":"55abda081a3ad3f5055bb285","level":"info","message":"DAO.updateOneAndUpdate()  ","timestamp":"2015-07-19T18:32:11.724Z"}
{"folderName":"provision","level":"info","message":"DAO.delete() /api/extension ","timestamp":"2015-07-25T15:01:36.947Z"}
{"level":"info","message":"DAO.delete() /api/menus ","timestamp":"2015-07-25T15:02:08.614Z"}
{"_id":"55abda081a3ad3f5055bb285","level":"info","message":"DAO.updateOneAndUpdate()  ","timestamp":"2015-07-25T15:02:08.664Z"}
{"level":"info","message":"DAO.delete() /api/menus ","timestamp":"2015-07-25T15:03:10.563Z"}
{"_id":"55abda081a3ad3f5055bb285","level":"info","message":"DAO.updateOneAndUpdate()  ","timestamp":"2015-07-25T15:03:10.595Z"}
{"level":"info","message":"DAO.delete() /api/menus ","timestamp":"2015-07-25T15:04:21.415Z"}
{"_id":"55abda081a3ad3f5055bb285","level":"info","message":"DAO.updateOneAndUpdate()  ","timestamp":"2015-07-25T15:04:21.446Z"}
{"level":"info","message":"DAO.delete() /api/menus ","timestamp":"2015-10-17T15:55:44.285Z"}
{"galleries":"gallery-1","level":"info","message":"DAO.update()  ","timestamp":"2015-10-17T15:55:44.293Z"}
{"_id":"55abda081a3ad3f5055bb285","level":"info","message":"DAO.updateOneAndUpdate()  ","timestamp":"2015-10-17T15:55:44.334Z"}
{"url":{"$in":["assets/images/jonpaulmiles_02journeleight_1437330723165/","assets/images/jonpaulmiles_02journelfive_1437330723766/","assets/images/jonpaulmiles_01journeltwo_1437330721784/"]},"level":"info","message":"DAO.update()  ","timestamp":"2015-10-17T15:55:44.336Z"}
{"level":"info","message":"DAO.delete() /api/comments ","timestamp":"2015-10-17T15:58:34.050Z"}
{"level":"info","message":"DAO.delete() /api/comments ","timestamp":"2015-10-17T15:58:47.277Z"}
{"_id":"55abdbac9b8594a706433d87","level":"info","message":"DAO.update()  ","timestamp":"2015-10-17T15:58:51.601Z"}
{"url":"assets/images/jonpaulmiles_02journalone_1437330722448/","level":"info","message":"DAO.delete() /api/media ","timestamp":"2015-10-17T16:03:38.214Z"}
{"url":{"$in":["assets/images/jonpaulmiles_02journalone_1437330722448/","assets/images/jonpaulmiles_01journeltwo_1437330721784/","assets/images/jonpaulmiles_02journeleight_1437330723165/","assets/images/jonpaulmiles_02journelfive_1437330723766/"]},"level":"info","message":"DAO.update()  ","timestamp":"2015-10-17T16:03:57.832Z"}
{"identifier":{"name":"auto-accept-comments","value":true},"level":"info","message":"DAO.update()  ","timestamp":"2015-10-17T16:28:39.515Z"}
{"identifier":{"name":"auto-accept-comments","value":true},"level":"info","message":"DAO.update()  ","timestamp":"2015-10-17T16:29:23.102Z"}
{"identifier":{"name":"auto-accept-comments","value":false},"level":"info","message":"DAO.update()  ","timestamp":"2015-10-17T16:29:27.407Z"}
{"identifier":{"name":"auto-accept-comments","value":true},"level":"info","message":"DAO.update()  ","timestamp":"2015-10-17T16:29:30.247Z"}
{"identifier":{"name":"auto-accept-comments","value":true},"level":"info","message":"DAO.upsert()  ","timestamp":"2015-10-17T16:30:33.666Z"}
{"identifier":{"name":"auto-accept-comments","value":true},"level":"info","message":"DAO.upsert()  ","timestamp":"2015-10-17T16:32:09.900Z"}
{"identifier":{"name":"auto-accept-comments","value":false},"level":"info","message":"DAO.upsert()  ","timestamp":"2015-10-17T16:32:11.264Z"}
{"identifier":{"name":"auto-accept-comments","value":true},"level":"info","message":"DAO.upsert()  ","timestamp":"2015-10-17T18:55:35.640Z"}
{"identifier":{"name":"auto-accept-comments","value":false},"level":"info","message":"DAO.upsert()  ","timestamp":"2015-10-17T18:55:37.774Z"}
{"name":"auto-accept-comments","level":"info","message":"DAO.upsert()  ","timestamp":"2015-10-17T19:19:38.591Z"}
{"name":"auto-accept-comments","level":"info","message":"DAO.upsert()  ","timestamp":"2015-10-17T19:19:40.399Z"}
{"name":"auto-accept-comments","level":"info","message":"DAO.upsert()  ","timestamp":"2015-10-17T20:27:25.260Z"}
{"name":"auto-accept-comments","level":"info","message":"DAO.upsert()  ","timestamp":"2015-10-17T20:27:35.657Z"}
{"identifier":{"name":"auto-accept-comments","value":true},"level":"info","message":"DAO.upsert()  ","timestamp":"2015-10-17T20:59:43.728Z"}
{"name":"auto-accept-comments","level":"info","message":"DAO.upsert()  ","timestamp":"2015-10-17T21:23:32.956Z"}
{"identifier":{"name":"auto-accept-comments","value":true},"level":"info","message":"DAO.upsert()  ","timestamp":"2015-10-17T21:23:49.885Z"}
{"identifier":{"name":"auto-accept-comments","value":true},"level":"info","message":"DAO.upsert()  ","timestamp":"2015-10-17T21:24:39.383Z"}
{"name":"auto-accept-comments","value":true,"level":"info","message":"DAO.upsert()  ","timestamp":"2015-10-17T21:27:36.871Z"}
{"name":"auto-accept-comments","value":true,"level":"info","message":"DAO.upsert()  ","timestamp":"2015-10-17T21:28:05.851Z"}
{"name":"auto-accept-comments","value":true,"level":"info","message":"DAO.upsert()  ","timestamp":"2015-10-17T21:30:57.741Z"}
{"name":"auto-accept-comments","value":true,"level":"info","message":"DAO.upsert()  ","timestamp":"2015-10-17T21:32:33.374Z"}
{"name":"auto-accept-comments","value":false,"level":"info","message":"DAO.upsert()  ","timestamp":"2015-10-17T21:32:34.561Z"}
{"name":"auto-accept-comments","value":true,"level":"info","message":"DAO.upsert()  ","timestamp":"2015-10-17T21:32:47.264Z"}
{"name":"auto-accept-comments","value":true,"level":"info","message":"DAO.upsert()  ","timestamp":"2015-10-17T21:33:25.854Z"}
{"name":"auto-accept-comments","value":true,"level":"info","message":"DAO.upsert()  ","timestamp":"2015-10-17T21:33:49.868Z"}
{"name":"auto-accept-comments","level":"info","message":"DAO.upsert()  ","timestamp":"2015-10-17T21:38:22.140Z"}
{"name":"auto-accept-comments","level":"info","message":"DAO.upsert()  ","timestamp":"2015-10-17T21:38:23.183Z"}
{"name":"auto-accept-comments","level":"info","message":"DAO.upsert()  ","timestamp":"2015-10-17T21:38:24.208Z"}
{"name":"auto-accept-comments","level":"info","message":"DAO.upsert()  ","timestamp":"2015-10-17T21:40:36.800Z"}
{"name":"auto-accept-comments","level":"info","message":"DAO.upsert()  ","timestamp":"2015-10-17T21:41:01.662Z"}
{"name":"auto-accept-comments","level":"info","message":"DAO.upsert()  ","timestamp":"2015-10-17T23:18:21.310Z"}
{"name":"auto-accept-comments","level":"info","message":"DAO.upsert()  ","timestamp":"2015-10-17T23:18:22.483Z"}
{"name":"auto-accept-comments","level":"info","message":"DAO.upsert()  ","timestamp":"2015-10-17T23:18:25.836Z"}
{"name":"auto-accept-comments","level":"info","message":"DAO.upsert()  ","timestamp":"2015-10-17T23:18:37.975Z"}
{"name":"auto-accept-comments","level":"info","message":"DAO.upsert()  ","timestamp":"2015-10-17T23:20:58.177Z"}
{"name":"auto-accept-comments","level":"info","message":"DAO.upsert()  ","timestamp":"2015-10-17T23:21:27.890Z"}
{"name":"auto-accept-comments","level":"info","message":"DAO.upsert()  ","timestamp":"2015-10-17T23:21:42.834Z"}
{"name":"auto-accept-comments","level":"info","message":"DAO.upsert()  ","timestamp":"2015-10-17T23:21:47.224Z"}
{"name":"auto-accept-comments","level":"info","message":"DAO.upsert()  ","timestamp":"2015-10-17T23:23:38.255Z"}
{"name":"auto-accept-comments","level":"info","message":"DAO.upsert()  ","timestamp":"2015-10-17T23:23:41.722Z"}
{"name":"auto-accept-comments","level":"info","message":"DAO.upsert()  ","timestamp":"2015-10-17T23:58:19.094Z"}
{"url":{"$in":["assets/images/jonpaulmiles_01journelsix_1437330720410/","assets/images/jonpaulmiles_01journelthree_1437330721080/","assets/images/jonpaulmiles_01journeltwo_1437330721784/","assets/images/jonpaulmiles_02journeleight_1437330723165/","assets/images/jonpaulmiles_02journelfive_1437330723766/","assets/images/jonpaulmiles_02journelfour_1437330724437/","assets/images/jonpaulmiles_02journelseven_1437330725023/","assets/images/jonpaulmiles_01journeltwo_1445097802240/"]},"level":"info","message":"DAO.delete() /api/media ","timestamp":"2015-10-18T01:20:07.187Z"}
{"url":{"$in":["assets/images/jonpaulmiles_01journelfive_1445131337579/","assets/images/jonpaulmiles_01journelfour_1445131338316/","assets/images/jonpaulmiles_01journelseven_1445131338958/"]},"level":"info","message":"DAO.update()  ","timestamp":"2015-10-18T01:22:40.271Z"}
{"url":{"$in":["assets/images/jonpaulmiles_01journelfour_1445131338316/","assets/images/jonpaulmiles_01journelseven_1445131338958/"]},"level":"info","message":"DAO.update()  ","timestamp":"2015-10-18T01:32:37.862Z"}
{"url":{"$in":["assets/images/jonpaulmiles_01journelseven_1445131338958/","assets/images/jonpaulmiles_02journeleight_1445131342465/","assets/images/jonpaulmiles_02journalone_1445131341724/"]},"level":"info","message":"DAO.update()  ","timestamp":"2015-10-18T01:33:16.849Z"}
{"url":{"$in":["assets/images/jonpaulmiles_02journeleight_1445131342465/","assets/images/jonpaulmiles_02journalone_1445131341724/"]},"level":"info","message":"DAO.update()  ","timestamp":"2015-10-18T01:33:47.360Z"}
{"url":{"$in":["assets/images/jonpaulmiles_01journelseven_1445131338958/"]},"level":"info","message":"DAO.update()  ","timestamp":"2015-10-18T01:35:00.349Z"}
{"url":{"$in":["assets/images/jonpaulmiles_01journelfour_1445131338316/","assets/images/jonpaulmiles_01journelseven_1445131338958/","assets/images/jonpaulmiles_01journelsix_1445131339608/"]},"level":"info","message":"DAO.update()  ","timestamp":"2015-10-18T01:35:24.649Z"}
{"url":{"$in":["assets/images/jonpaulmiles_01journelseven_1445131338958/","assets/images/jonpaulmiles_01journelsix_1445131339608/"]},"level":"info","message":"DAO.update()  ","timestamp":"2015-10-18T01:35:28.077Z"}
{"url":{"$in":["assets/images/jonpaulmiles_01journelfour_1445131338316/","assets/images/jonpaulmiles_01journelfive_1445131337579/"]},"level":"info","message":"DAO.update()  ","timestamp":"2015-10-18T01:38:40.425Z"}
{"url":{"$in":["assets/images/jonpaulmiles_01journelfour_1445131338316/","assets/images/jonpaulmiles_01journelseven_1445131338958/","assets/images/jonpaulmiles_02journalone_1445131341724/"]},"level":"info","message":"DAO.update()  ","timestamp":"2015-10-18T01:39:17.317Z"}
{"url":{"$in":["assets/images/jonpaulmiles_01journelfour_1445131338316/","assets/images/jonpaulmiles_01journelseven_1445131338958/","assets/images/jonpaulmiles_02journalone_1445131341724/"]},"level":"info","message":"DAO.update()  ","timestamp":"2015-10-18T01:39:20.511Z"}
{"url":{"$in":["assets/images/jonpaulmiles_01journelsix_1445131339608/","assets/images/jonpaulmiles_01journelthree_1445131340286/","assets/images/jonpaulmiles_02journalone_1445131341724/"]},"level":"info","message":"DAO.update()  ","timestamp":"2015-10-18T01:40:24.751Z"}
{"url":{"$in":["assets/images/jonpaulmiles_01journelsix_1445131339608/","assets/images/jonpaulmiles_01journelthree_1445131340286/","assets/images/jonpaulmiles_02journalone_1445131341724/"]},"level":"info","message":"DAO.update()  ","timestamp":"2015-10-18T01:41:05.076Z"}
{"url":{"$in":["assets/images/jonpaulmiles_01journelfive_1445131337579/","assets/images/jonpaulmiles_01journelfour_1445131338316/","assets/images/jonpaulmiles_01journelsix_1445131339608/"]},"level":"info","message":"DAO.update()  ","timestamp":"2015-10-18T01:43:03.596Z"}
{"url":{"$in":["assets/images/jonpaulmiles_01journelfive_1445131337579/","assets/images/jonpaulmiles_01journelfour_1445131338316/","assets/images/jonpaulmiles_01journelsix_1445131339608/"]},"level":"info","message":"DAO.update()  ","timestamp":"2015-10-18T01:43:07.721Z"}
{"url":{"$in":["assets/images/jonpaulmiles_01journelsix_1445131339608/","assets/images/jonpaulmiles_02journelfour_1445131343791/","assets/images/jonpaulmiles_02journelsix_1445131345197/"]},"level":"info","message":"DAO.update()  ","timestamp":"2015-10-18T01:43:20.520Z"}
{"url":{"$in":["assets/images/jonpaulmiles_01journelsix_1445131339608/","assets/images/jonpaulmiles_02journelfour_1445131343791/","assets/images/jonpaulmiles_02journelsix_1445131345197/"]},"level":"info","message":"DAO.update()  ","timestamp":"2015-10-18T01:43:28.090Z"}
{"level":"info","message":"DAO.delete() /api/comments ","timestamp":"2015-10-18T01:47:45.222Z"}
{"name":"disable-comments","level":"info","message":"DAO.upsert()  ","timestamp":"2015-10-18T01:55:39.228Z"}
{"name":"disable-comments","level":"info","message":"DAO.upsert()  ","timestamp":"2015-10-18T01:55:41.263Z"}
{"name":"disable-comments","level":"info","message":"DAO.upsert()  ","timestamp":"2015-10-18T01:55:45.526Z"}
{"name":"disable-comments","level":"info","message":"DAO.upsert()  ","timestamp":"2015-10-18T01:55:48.467Z"}
{"name":"disable-comments","level":"info","message":"DAO.upsert()  ","timestamp":"2015-10-18T01:55:51.552Z"}
{"name":"disable-comments","level":"info","message":"DAO.upsert()  ","timestamp":"2015-10-18T01:56:16.549Z"}
{"_id":"5622fc50f0957fb3137943c5","level":"info","message":"DAO.update()  ","timestamp":"2015-10-18T01:56:39.523Z"}
{"_id":"5622fc50f0957fb3137943c5","level":"info","message":"DAO.update()  ","timestamp":"2015-10-18T01:56:40.298Z"}
{"_id":"5622fc50f0957fb3137943c5","level":"info","message":"DAO.delete() /api/comments ","timestamp":"2015-10-18T01:56:42.044Z"}
{"level":"info","message":"DAO.delete() /api/menus ","timestamp":"2015-10-27T01:49:32.449Z"}
{"_id":"55abda081a3ad3f5055bb287","level":"info","message":"DAO.updateOneAndUpdate()  ","timestamp":"2015-10-27T01:49:32.480Z"}
{"level":"info","message":"DAO.delete() /api/menus ","timestamp":"2015-10-27T01:49:52.585Z"}
{"_id":"55abda081a3ad3f5055bb285","level":"info","message":"DAO.updateOneAndUpdate()  ","timestamp":"2015-10-27T01:49:52.996Z"}
{"level":"info","message":"DAO.delete() /api/menus ","timestamp":"2015-10-27T02:06:25.477Z"}
{"_id":"55abda081a3ad3f5055bb285","level":"info","message":"DAO.updateOneAndUpdate()  ","timestamp":"2015-10-27T02:06:25.508Z"}
{"_id":"562ed71f1bc8cb14546468e5","level":"info","message":"DAO.update()  ","timestamp":"2015-10-27T02:32:48.148Z"}
{"_id":"562ed71f1bc8cb14546468e7","level":"info","message":"DAO.update()  ","timestamp":"2015-10-27T02:37:26.447Z"}
{"_id":"562ed71f1bc8cb14546468e6","level":"info","message":"DAO.update()  ","timestamp":"2015-10-27T02:38:42.928Z"}
{"url":{"$in":["assets/images/jonpaulmiles_01journeltwo_1447350309649/"]},"level":"info","message":"DAO.delete() /api/media ","timestamp":"2015-11-12T17:45:44.425Z"}
{"level":"info","message":"DAO.delete() /api/menus ","timestamp":"2015-11-14T16:25:55.134Z"}
{"_id":"55abda081a3ad3f5055bb280","level":"info","message":"DAO.updateOneAndUpdate()  ","timestamp":"2015-11-14T16:25:55.187Z"}
{"level":"info","message":"DAO.delete() /api/menus ","timestamp":"2015-11-14T16:26:04.338Z"}
{"_id":"55abda081a3ad3f5055bb280","level":"info","message":"DAO.updateOneAndUpdate()  ","timestamp":"2015-11-14T16:26:04.360Z"}
{"level":"info","message":"DAO.delete() /api/menus ","timestamp":"2015-11-16T01:13:52.608Z"}
{"_id":"55abda081a3ad3f5055bb280","level":"info","message":"DAO.updateOneAndUpdate()  ","timestamp":"2015-11-16T01:13:52.640Z"}
{"level":"info","message":"DAO.delete() /api/menus ","timestamp":"2015-11-16T01:14:03.225Z"}
{"_id":"55abda081a3ad3f5055bb280","level":"info","message":"DAO.updateOneAndUpdate()  ","timestamp":"2015-11-16T01:14:03.251Z"}
{"level":"info","message":"DAO.delete() /api/menus ","timestamp":"2015-11-16T01:14:31.230Z"}
{"_id":"55abda081a3ad3f5055bb280","level":"info","message":"DAO.updateOneAndUpdate()  ","timestamp":"2015-11-16T01:14:31.246Z"}
{"level":"info","message":"DAO.delete() /api/menus ","timestamp":"2015-11-16T01:14:34.694Z"}
{"_id":"55abda081a3ad3f5055bb280","level":"info","message":"DAO.updateOneAndUpdate()  ","timestamp":"2015-11-16T01:14:34.735Z"}
{"level":"info","message":"DAO.delete() /api/menus ","timestamp":"2015-11-16T01:15:14.308Z"}
{"_id":"56492e1976947ae9bd30bf59","level":"info","message":"DAO.updateOneAndUpdate()  ","timestamp":"2015-11-16T01:15:14.352Z"}
{"level":"info","message":"DAO.delete() /api/menus ","timestamp":"2015-11-16T01:15:58.097Z"}
{"_id":"56492e1976947ae9bd30bf59","level":"info","message":"DAO.updateOneAndUpdate()  ","timestamp":"2015-11-16T01:15:58.101Z"}
{"level":"info","message":"DAO.delete() /api/menus ","timestamp":"2015-11-16T01:16:31.717Z"}
{"_id":"56492e1976947ae9bd30bf59","level":"info","message":"DAO.updateOneAndUpdate()  ","timestamp":"2015-11-16T01:16:31.747Z"}
{"_id":"5622fae598ee0c89130e8817","level":"info","message":"DAO.update()  ","timestamp":"2015-11-16T01:19:00.158Z"}
{"_id":"5622fae598ee0c89130e8817","level":"info","message":"DAO.update()  ","timestamp":"2015-11-16T01:19:01.658Z"}
{"level":"info","message":"DAO.delete() /api/comments ","timestamp":"2015-11-16T01:19:08.085Z"}
{"level":"info","message":"DAO.delete() /api/comments ","timestamp":"2015-11-16T01:19:11.303Z"}
{"_id":"5622fae598ee0c89130e8817","level":"info","message":"DAO.update()  ","timestamp":"2015-11-16T01:19:14.946Z"}
{"level":"info","message":"DAO.update()  ","timestamp":"2015-11-16T01:20:35.512Z"}
{"_id":"5649302b67dc7794bec979a7","level":"info","message":"DAO.update()  ","timestamp":"2015-11-16T01:24:05.953Z"}
{"_id":"5649302b67dc7794bec979a7","level":"info","message":"DAO.update()  ","timestamp":"2015-11-16T01:24:06.767Z"}
{"name":"auto-accept-comments","level":"info","message":"DAO.upsert()  ","timestamp":"2015-11-16T01:24:18.883Z"}
{"_id":"5649300667dc7794bec9799c","level":"info","message":"DAO.update()  ","timestamp":"2015-11-16T01:24:31.682Z"}
{"level":"info","message":"DAO.delete() /api/menus ","timestamp":"2015-11-16T01:26:21.038Z"}
{"_id":"5649300667dc7794bec9799a","level":"info","message":"DAO.updateOneAndUpdate()  ","timestamp":"2015-11-16T01:26:21.065Z"}
{"contentName":"test1","level":"info","message":"DAO.upsert()  ","timestamp":"2015-11-16T01:26:21.100Z"}
{"url":{"$in":["assets/images/jonpaulmiles_01journeleight_1445131336907/","assets/images/jonpaulmiles_01journelfive_1445131337579/","assets/images/jonpaulmiles_01journelfour_1445131338316/","assets/images/jonpaulmiles_01journelseven_1445131338958/","assets/images/jonpaulmiles_01journelsix_1445131339608/","assets/images/jonpaulmiles_01journelthree_1445131340286/","assets/images/jonpaulmiles_01journeltwo_1445131341030/","assets/images/jonpaulmiles_02journalone_1445131341724/","assets/images/jonpaulmiles_02journeleight_1445131342465/","assets/images/jonpaulmiles_02journelfive_1445131343078/","assets/images/jonpaulmiles_02journelfour_1445131343791/","assets/images/jonpaulmiles_02journelseven_1445131344427/","assets/images/jonpaulmiles_02journelsix_1445131345197/","assets/images/jonpaulmiles_02journelthree_1445131345865/","assets/images/jonpaulmiles_01journelfour_1447636603730/","assets/images/jonpaulmiles_01journelseven_1447636604372/","assets/images/jonpaulmiles_01journelsix_1447636655137/","assets/images/jonpaulmiles_01journelthree_1447636655811/"]},"level":"info","message":"DAO.delete() /api/media ","timestamp":"2015-11-16T05:58:52.115Z"}
{"level":"info","message":"DAO.delete() /api/menus ","timestamp":"2015-11-16T06:03:45.444Z"}
{"_id":"5649300667dc7794bec97993","level":"info","message":"DAO.updateOneAndUpdate()  ","timestamp":"2015-11-16T06:03:45.493Z"}
{"level":"info","message":"DAO.delete() /api/menus ","timestamp":"2015-11-16T06:04:58.554Z"}
{"_id":"5649300667dc7794bec97993","level":"info","message":"DAO.updateOneAndUpdate()  ","timestamp":"2015-11-16T06:04:58.589Z"}
{"level":"info","message":"DAO.delete() /api/menus ","timestamp":"2015-11-16T06:06:03.172Z"}
{"_id":"5649300667dc7794bec97993","level":"info","message":"DAO.updateOneAndUpdate()  ","timestamp":"2015-11-16T06:06:03.220Z"}
{"url":{"$in":["assets/images/jonpaulmiles_01journelseven_1447653538822/","assets/images/jonpaulmiles_01journelsix_1447653539490/","assets/images/jonpaulmiles_01journelfour_1447654071207/","assets/images/jonpaulmiles_01journelseven_1447654071872/","assets/images/jonpaulmiles_01journelsix_1447654292703/","assets/images/jonpaulmiles_01journelthree_1447654293630/"]},"level":"info","message":"DAO.delete() /api/media ","timestamp":"2015-11-16T14:55:49.878Z"}
{"url":{"$in":["assets/images/jonpaulmiles_01journeleight_1447685755282/","assets/images/jonpaulmiles_01journelsix_1447685783738/"]},"level":"info","message":"DAO.delete() /api/media ","timestamp":"2015-11-16T14:58:55.722Z"}
{"url":{"$in":["assets/images/jonpaulmiles_01journeltwo_1447685944527/","assets/images/jonpaulmiles_02journalone_1447685972346/"]},"level":"info","message":"DAO.delete() /api/media ","timestamp":"2015-11-16T14:59:43.636Z"}
{"url":{"$in":["assets/images/jonpaulmiles_01journeltwo_1447685988682/","assets/images/jonpaulmiles_02journalone_1447686022330/"]},"level":"info","message":"DAO.delete() /api/media ","timestamp":"2015-11-16T15:00:44.707Z"}
{"url":{"$in":["assets/images/jonpaulmiles_01journelthree_1447686048780/","assets/images/jonpaulmiles_01journeltwo_1447686049527/"]},"level":"info","message":"DAO.delete() /api/media ","timestamp":"2015-11-16T15:03:40.947Z"}
{"url":{"$in":["assets/images/jonpaulmiles_01journeltwo_1447686225863/","assets/images/jonpaulmiles_02journalone_1447686226566/"]},"level":"info","message":"DAO.delete() /api/media ","timestamp":"2015-11-16T15:07:30.494Z"}
{"url":{"$in":["assets/images/jonpaulmiles_01journelthree_1447686459854/","assets/images/jonpaulmiles_01journeltwo_1447686460606/"]},"level":"info","message":"DAO.delete() /api/media ","timestamp":"2015-11-16T15:09:06.528Z"}
{"url":{"$in":["assets/images/jonpaulmiles_01journelfour_1447686588022/","assets/images/jonpaulmiles_01journelfour_1447686666550/","assets/images/jonpaulmiles_01journelseven_1447686747306/"]},"level":"info","message":"DAO.delete() /api/media ","timestamp":"2015-11-16T15:12:42.899Z"}
{"url":{"$in":["assets/images/jonpaulmiles_01journelseven_1447686770721/","assets/images/jonpaulmiles_01journelsix_1447686778303/"]},"level":"info","message":"DAO.delete() /api/media ","timestamp":"2015-11-16T15:13:10.835Z"}
{"url":{"$in":["assets/images/jonpaulmiles_01journelthree_1447686796004/","assets/images/jonpaulmiles_01journeltwo_1447686811753/"]},"level":"info","message":"DAO.delete() /api/media ","timestamp":"2015-11-16T15:14:29.844Z"}
{"url":{"$in":["assets/images/jonpaulmiles_01journelthree_1447686874008/","assets/images/jonpaulmiles_01journelthree_1447686989860/","assets/images/jonpaulmiles_01journeltwo_1447687049938/","assets/images/jonpaulmiles_02journalone_1447687900452/"]},"level":"info","message":"DAO.delete() /api/media ","timestamp":"2015-11-16T15:38:28.738Z"}
{"url":{"$in":["assets/images/jonpaulmiles_01journeltwo_1447688313129/","assets/images/jonpaulmiles_02journalone_1447688313861/","assets/images/jonpaulmiles_02journeleight_1447688314666/"]},"level":"info","message":"DAO.delete() /api/media ","timestamp":"2015-11-16T15:41:27.430Z"}
{"url":{"$in":["assets/images/jonpaulmiles_01journelthree_1447688491806/","assets/images/jonpaulmiles_01journeltwo_1447688492562/","assets/images/jonpaulmiles_02journalone_1447688493320/","assets/images/jonpaulmiles_02journeleight_1447688494126/"]},"level":"info","message":"DAO.delete() /api/media ","timestamp":"2015-11-16T15:55:47.238Z"}
{"url":{"$in":["assets/images/jonpaulmiles_02journeleight_1447689363510/","assets/images/jonpaulmiles_02journalone_1447689362743/"]},"level":"info","message":"DAO.delete() /api/media ","timestamp":"2015-11-16T15:56:16.730Z"}
{"url":{"$in":["assets/images/jonpaulmiles_01journelthree_1447689361183/","assets/images/jonpaulmiles_01journeltwo_1447689361979/","assets/images/jonpaulmiles_02journelfive_1447689364199/","assets/images/jonpaulmiles_02journelfour_1447689365018/","assets/images/jonpaulmiles_01journelsix_1447689612073/","assets/images/jonpaulmiles_01journelthree_1447689612809/","assets/images/jonpaulmiles_01journeltwo_1447689613614/","assets/images/jonpaulmiles_01journelthree_1447689629890/","assets/images/jonpaulmiles_01journeltwo_1447689630666/"]},"level":"info","message":"DAO.delete() /api/media ","timestamp":"2015-11-16T16:07:45.046Z"}
{"url":{"$in":["assets/images/jonpaulmiles_01journelthree_1447690069279/","assets/images/jonpaulmiles_01journeltwo_1447690069347/","assets/images/jonpaulmiles_02journalone_1447690070135/"]},"level":"info","message":"DAO.delete() /api/media ","timestamp":"2015-11-16T16:13:02.047Z"}
{"url":{"$in":["assets/images/jonpaulmiles_02journeleight_1447690597449/"]},"level":"info","message":"DAO.delete() /api/media ","timestamp":"2015-11-16T16:20:38.864Z"}
{"url":{"$in":["assets/images/jonpaulmiles_02journelfive_1447690598102/"]},"level":"info","message":"DAO.delete() /api/media ","timestamp":"2015-11-16T16:23:39.498Z"}
{"url":{"$in":["assets/images/jonpaulmiles_02journalone_1447690596622/"]},"level":"info","message":"DAO.delete() /api/media ","timestamp":"2015-11-16T16:24:36.655Z"}
{"url":{"$in":["assets/images/jonpaulmiles_01journeltwo_1447690595889/"]},"level":"info","message":"DAO.delete() /api/media ","timestamp":"2015-11-16T16:25:16.533Z"}
{"url":{"$in":["assets/images/jonpaulmiles_01journelthree_1447690595092/"]},"level":"info","message":"DAO.delete() /api/media ","timestamp":"2015-11-16T16:26:09.514Z"}
{"url":{"$in":["assets/images/jonpaulmiles_02journeleight_1447691198403/"]},"level":"info","message":"DAO.delete() /api/media ","timestamp":"2015-11-16T16:33:26.799Z"}
{"url":{"$in":["assets/images/jonpaulmiles_02journeleight_1447691198403/","assets/images/jonpaulmiles_02journalone_1447691197603/","assets/images/jonpaulmiles_01journeltwo_1447691196857/"]},"level":"info","message":"DAO.delete() /api/media ","timestamp":"2015-11-16T16:33:35.613Z"}
{"url":{"$in":["assets/images/jonpaulmiles_01journelthree_1447691196052/"]},"level":"info","message":"DAO.delete() /api/media ","timestamp":"2015-11-16T16:35:48.732Z"}
{"url":{"$in":["assets/images/jonpaulmiles_01journelsix_1447691195284/"]},"level":"info","message":"DAO.delete() /api/media ","timestamp":"2015-11-16T16:39:00.359Z"}
{"url":{"$in":["assets/images/jonpaulmiles_01journelsix_1447691195284/","assets/images/jonpaulmiles_01journelseven_1447691194532/"]},"level":"info","message":"DAO.delete() /api/media ","timestamp":"2015-11-16T16:39:06.638Z"}
{"url":{"$in":["assets/images/jonpaulmiles_01journeltwo_1447691963177/","assets/images/jonpaulmiles_02journeleight_1447691964767/","assets/images/jonpaulmiles_02journalone_1447691963935/"]},"level":"info","message":"DAO.delete() /api/media ","timestamp":"2015-11-16T16:39:31.274Z"}
{"url":{"$in":["assets/images/jonpaulmiles_01journelthree_1447691962391/"]},"level":"info","message":"DAO.delete() /api/media ","timestamp":"2015-11-16T16:41:25.014Z"}
{"url":{"$in":["assets/images/jonpaulmiles_01journelseven_1447691961127/","assets/images/jonpaulmiles_01journelsix_1447691961845/"]},"level":"info","message":"DAO.delete() /api/media ","timestamp":"2015-11-16T16:42:54.790Z"}
{"level":"info","message":"DAO.delete() /api/menus ","timestamp":"2015-11-16T16:43:53.050Z"}
{"galleries":"gallery-1","level":"info","message":"DAO.update()  ","timestamp":"2015-11-16T16:43:53.055Z"}
{"_id":"5649300667dc7794bec97998","level":"info","message":"DAO.updateOneAndUpdate()  ","timestamp":"2015-11-16T16:43:53.066Z"}
{"url":{"$in":["assets/images/jonpaulmiles_01journeltwo_1447692192460/","assets/images/jonpaulmiles_02journalone_1447692193166/","assets/images/jonpaulmiles_02journeleight_1447692193945/"]},"level":"info","message":"DAO.update()  ","timestamp":"2015-11-16T16:43:53.117Z"}
{"_id":"5649300667dc7794bec97998","level":"info","message":"DAO.deleteOneAndUpdate() /api/pages ","timestamp":"2015-11-16T16:47:19.777Z"}
{"url":"/tutorial","level":"info","message":"DAO.delete() /api/menus ","timestamp":"2015-11-16T16:47:19.822Z"}
{"_id":"564a2c70c1396047ddf8f53e","level":"info","message":"DAO.update()  ","timestamp":"2015-11-16T19:21:55.174Z"}
{"_id":"564a2c70c1396047ddf8f53e","level":"info","message":"DAO.update()  ","timestamp":"2015-11-16T19:22:01.489Z"}
{"level":"info","message":"DAO.delete() /api/menus ","timestamp":"2015-11-16T19:31:32.215Z"}
{"_id":"564a2d15c1396047ddf8f61a","level":"info","message":"DAO.updateOneAndUpdate()  ","timestamp":"2015-11-16T19:31:32.661Z"}
{"_id":"564a2c70c1396047ddf8f53d","level":"info","message":"DAO.update()  ","timestamp":"2015-11-16T19:38:46.852Z"}
{"_id":"564a2c70c1396047ddf8f53e","level":"info","message":"DAO.update()  ","timestamp":"2015-11-16T20:17:13.928Z"}
{"_id":"564ca1c1a3476a221035b481","level":"info","message":"DAO.update()  ","timestamp":"2015-11-18T16:05:52.164Z"}
{"_id":"564ca1c1a3476a221035b481","level":"info","message":"DAO.update()  ","timestamp":"2015-11-18T16:06:00.084Z"}
{"_id":"564ca20e05c9a68810b2773f","level":"info","message":"DAO.update()  ","timestamp":"2015-11-18T16:18:55.740Z"}
{"_id":"564ca20e05c9a68810b2773f","level":"info","message":"DAO.update()  ","timestamp":"2015-11-18T16:22:01.689Z"}
{"_id":"564ca5f8a77cadc8128cf4e3","level":"info","message":"DAO.update()  ","timestamp":"2015-11-18T16:23:27.578Z"}
{"_id":"564ca627975d10141399f491","level":"info","message":"DAO.update()  ","timestamp":"2015-11-18T16:24:14.952Z"}
{"_id":"564ca66f7e5ec1ac13093103","level":"info","message":"DAO.update()  ","timestamp":"2015-11-18T16:25:24.131Z"}
{"_id":"564ca66f7e5ec1ac13093103","level":"info","message":"DAO.update()  ","timestamp":"2015-11-18T16:25:45.251Z"}
{"_id":"564ca66f7e5ec1ac13093103","level":"info","message":"DAO.update()  ","timestamp":"2015-11-18T16:26:50.958Z"}
{"_id":"564ca7027ad19ab314ba5b36","level":"info","message":"DAO.update()  ","timestamp":"2015-11-18T16:27:53.599Z"}
{"_id":"564ca75e41e4002615bee371","level":"info","message":"DAO.update()  ","timestamp":"2015-11-18T16:29:25.136Z"}
{"_id":"564ca774cf5261551551532a","level":"info","message":"DAO.update()  ","timestamp":"2015-11-18T16:29:45.658Z"}
{"_id":"564ca7a5a8a7f1d7158203ce","level":"info","message":"DAO.update()  ","timestamp":"2015-11-18T16:30:34.440Z"}
{"_id":"564ca7ca6fd9365616f18c59","level":"info","message":"DAO.update()  ","timestamp":"2015-11-18T16:31:12.207Z"}
{"_id":"564ca82bb2602c33176e2da5","level":"info","message":"DAO.update()  ","timestamp":"2015-11-18T16:32:57.170Z"}
{"_id":"564ca89bd1e865cf176daae4","level":"info","message":"DAO.update()  ","timestamp":"2015-11-18T16:34:41.225Z"}
{"level":"info","message":"DAO.delete() /api/menus ","timestamp":"2015-11-27T16:15:40.634Z"}
{"_id":"564ca1c1a3476a221035b47a","level":"info","message":"DAO.updateOneAndUpdate()  ","timestamp":"2015-11-27T16:15:40.680Z"}
{"level":"info","message":"DAO.delete() /api/menus ","timestamp":"2015-11-27T16:50:13.030Z"}
{"galleries":"gallery-1","level":"info","message":"DAO.update()  ","timestamp":"2015-11-27T16:50:13.038Z"}
{"_id":"564ca1c1a3476a221035b47a","level":"info","message":"DAO.updateOneAndUpdate()  ","timestamp":"2015-11-27T16:50:13.045Z"}
{"url":{"$in":["assets/images/jonpaulmiles_01journelsix_1448640619663/","assets/images/jonpaulmiles_01journelthree_1448640620306/","assets/images/jonpaulmiles_01journeltwo_1448640621009/"]},"level":"info","message":"DAO.update()  ","timestamp":"2015-11-27T16:50:13.105Z"}
{"level":"info","message":"DAO.delete() /api/menus ","timestamp":"2015-11-27T16:50:21.088Z"}
{"galleries":"gallery-1","level":"info","message":"DAO.update()  ","timestamp":"2015-11-27T16:50:21.096Z"}
{"_id":"564ca1c1a3476a221035b47a","level":"info","message":"DAO.updateOneAndUpdate()  ","timestamp":"2015-11-27T16:50:21.148Z"}
{"url":{"$in":["assets/images/jonpaulmiles_01journeltwo_1448640621009/"]},"level":"info","message":"DAO.update()  ","timestamp":"2015-11-27T16:50:21.149Z"}
{"level":"info","message":"DAO.delete() /api/menus ","timestamp":"2015-11-27T16:51:52.602Z"}
{"galleries":"gallery-1","level":"info","message":"DAO.update()  ","timestamp":"2015-11-27T16:51:52.608Z"}
{"_id":"564ca1c1a3476a221035b47a","level":"info","message":"DAO.updateOneAndUpdate()  ","timestamp":"2015-11-27T16:51:52.629Z"}
{"contentName":"test-1","level":"info","message":"DAO.upsert()  ","timestamp":"2015-11-27T16:51:52.682Z"}
{"url":{"$in":["assets/images/jonpaulmiles_01journeltwo_1448640621009/","assets/images/jonpaulmiles_01journelthree_1448640620306/","assets/images/jonpaulmiles_01journelsix_1448640619663/"]},"level":"info","message":"DAO.update()  ","timestamp":"2015-11-27T16:51:52.685Z"}
{"level":"info","message":"DAO.delete() /api/menus ","timestamp":"2015-11-27T16:52:13.268Z"}
{"_id":"564ca1c1a3476a221035b47a","level":"info","message":"DAO.updateOneAndUpdate()  ","timestamp":"2015-11-27T16:52:13.331Z"}
{"contentName":"test-1","level":"info","message":"DAO.upsert()  ","timestamp":"2015-11-27T16:52:13.335Z"}
{"contentName":"wow-1","level":"info","message":"DAO.upsert()  ","timestamp":"2015-11-27T16:52:13.338Z"}
{"level":"info","message":"DAO.delete() /api/menus ","timestamp":"2015-11-27T16:52:39.046Z"}
{"galleries":"gallery-1","level":"info","message":"DAO.update()  ","timestamp":"2015-11-27T16:52:39.048Z"}
{"_id":"564ca1c1a3476a221035b47c","level":"info","message":"DAO.updateOneAndUpdate()  ","timestamp":"2015-11-27T16:52:39.131Z"}
{"contentName":"test-1","level":"info","message":"DAO.upsert()  ","timestamp":"2015-11-27T16:52:39.136Z"}
{"url":{"$in":["assets/images/jonpaulmiles_01journeltwo_1448640621009/","assets/images/jonpaulmiles_01journelseven_1448640619031/"]},"level":"info","message":"DAO.update()  ","timestamp":"2015-11-27T16:52:39.149Z"}
{"level":"info","message":"DAO.delete() /api/menus ","timestamp":"2015-11-27T16:52:53.383Z"}
{"galleries":"gallery-1","level":"info","message":"DAO.update()  ","timestamp":"2015-11-27T16:52:53.384Z"}
{"url":{"$in":["assets/images/jonpaulmiles_01journelseven_1448640619031/"]},"level":"info","message":"DAO.update()  ","timestamp":"2015-11-27T16:52:53.432Z"}
{"contentName":"wow-1","level":"info","message":"DAO.upsert()  ","timestamp":"2015-11-27T16:52:53.439Z"}
{"_id":"564ca1c1a3476a221035b47a","level":"info","message":"DAO.updateOneAndUpdate()  ","timestamp":"2015-11-27T16:52:53.443Z"}
{"contentName":"test-1","level":"info","message":"DAO.upsert()  ","timestamp":"2015-11-27T16:52:53.447Z"}
{"level":"info","message":"DAO.delete() /api/menus ","timestamp":"2015-11-27T16:53:20.808Z"}
{"_id":"564ca1c1a3476a221035b47a","level":"info","message":"DAO.updateOneAndUpdate()  ","timestamp":"2015-11-27T16:53:20.856Z"}
{"contentName":"test-1","level":"info","message":"DAO.upsert()  ","timestamp":"2015-11-27T16:53:20.860Z"}
{"contentName":"wow-1","level":"info","message":"DAO.upsert()  ","timestamp":"2015-11-27T16:53:20.864Z"}
{"level":"info","message":"DAO.delete() /api/menus ","timestamp":"2015-11-27T16:53:47.229Z"}
{"_id":"564ca1c1a3476a221035b47c","level":"info","message":"DAO.updateOneAndUpdate()  ","timestamp":"2015-11-27T16:53:47.254Z"}
{"contentName":"test-1","level":"info","message":"DAO.upsert()  ","timestamp":"2015-11-27T16:53:47.256Z"}
{"contentName":"wow-1","level":"info","message":"DAO.upsert()  ","timestamp":"2015-11-27T16:53:47.264Z"}
{"level":"info","message":"DAO.delete() /api/menus ","timestamp":"2015-11-27T16:54:02.099Z"}
{"_id":"564ca1c1a3476a221035b47a","level":"info","message":"DAO.updateOneAndUpdate()  ","timestamp":"2015-11-27T16:54:02.154Z"}
{"contentName":"test-1","level":"info","message":"DAO.upsert()  ","timestamp":"2015-11-27T16:54:02.161Z"}
{"contentName":"wow-1","level":"info","message":"DAO.upsert()  ","timestamp":"2015-11-27T16:54:02.173Z"}
{"name":"auto-accept-comments","level":"info","message":"DAO.upsert()  ","timestamp":"2015-11-27T21:15:33.257Z"}
{"name":"auto-accept-comments","level":"info","message":"DAO.upsert()  ","timestamp":"2015-11-27T21:19:34.910Z"}
{"name":"auto-accept-comments","level":"info","message":"DAO.upsert()  ","timestamp":"2015-11-27T21:19:35.735Z"}
{"name":"disable-comments","level":"info","message":"DAO.upsert()  ","timestamp":"2015-11-27T21:20:03.513Z"}
{"name":"disable-comments","level":"info","message":"DAO.upsert()  ","timestamp":"2015-11-27T21:20:04.192Z"}
{"email":"test@test.com","level":"info","message":"DAO.delete() /api/comments/ban ","timestamp":"2015-11-27T21:27:22.002Z"}
{"email":"test@test.com","level":"info","message":"DAO.delete() /api/comments/ban ","timestamp":"2015-11-27T21:27:45.724Z"}
{"$or":[{"email":"test@test.com"},{"ip":"172.97.114.255"}],"level":"info","message":"DAO.delete() /api/comments/ban ","timestamp":"2015-11-27T21:31:44.032Z"}
{"$or":[{"email":"test@test.com"},{"ip":"172.97.114.255"}],"level":"info","message":"DAO.delete() /api/comments/ban ","timestamp":"2015-11-27T21:31:47.874Z"}
{"level":"info","message":"DAO.delete()  ","timestamp":"2015-11-27T21:38:04.252Z"}
{"$or":[{"email":"test@test.com"},{"ip":"172.97.114.255"}],"level":"info","message":"DAO.delete() /api/comments/ban ","timestamp":"2015-11-27T21:44:32.794Z"}
{"$or":[{"email":"admin@admin.com"},{"ip":"172.31.255.255"}],"level":"info","message":"DAO.delete() /api/comments/ban ","timestamp":"2015-11-27T21:44:34.726Z"}
{"name":"auto-accept-comments","level":"info","message":"DAO.upsert()  ","timestamp":"2015-11-27T21:48:59.155Z"}
{"_id":"5658cfbbf4b15595415d5e26","level":"info","message":"DAO.delete() /api/comments ","timestamp":"2015-11-27T21:49:05.807Z"}
{"$or":[{"email":"nick@nick.com"},{"ip":"::1"}],"level":"info","message":"DAO.delete() /api/comments/ban ","timestamp":"2015-11-27T21:51:31.957Z"}
{"level":"info","message":"DAO.delete() /api/comments ","timestamp":"2015-11-28T07:30:12.241Z"}
{"level":"info","message":"DAO.delete() /api/comments ","timestamp":"2015-11-28T07:30:18.495Z"}
{"$or":[{"email":"test@test.com"},{"ip":"172.97.114.255"}],"level":"info","message":"DAO.delete() /api/comments/ban ","timestamp":"2015-11-28T07:49:53.814Z"}
{"$or":[{"email":"admin@admin.com"},{"ip":"172.31.255.255"}],"level":"info","message":"DAO.delete() /api/comments/ban ","timestamp":"2015-11-28T07:49:57.236Z"}
{"level":"info","message":"DAO.delete()  ","timestamp":"2015-11-28T07:51:31.525Z"}
{"_id":"56595d1959c0cc614b80fa74","level":"info","message":"DAO.update()  ","timestamp":"2015-11-28T07:52:02.897Z"}
{"name":"disable-comments","level":"info","message":"DAO.upsert()  ","timestamp":"2015-11-28T07:52:06.727Z"}
{"name":"disable-comments","level":"info","message":"DAO.upsert()  ","timestamp":"2015-11-28T07:52:31.824Z"}
{"name":"auto-accept-comments","level":"info","message":"DAO.upsert()  ","timestamp":"2015-11-28T07:52:33.132Z"}
{"name":"auto-accept-comments","level":"info","message":"DAO.upsert()  ","timestamp":"2015-11-28T07:53:00.907Z"}
{"$or":[{"email":"nick@nick.com"},{"ip":"::1"}],"level":"info","message":"DAO.delete() /api/comments/ban ","timestamp":"2015-11-28T07:54:48.997Z"}
{"$or":[{"email":"admin@admin.com"},{"ip":"172.31.255.255"}],"level":"info","message":"DAO.delete() /api/comments/ban ","timestamp":"2015-11-28T18:05:21.455Z"}
{"$or":[{"email":"nick@nick.com"},{"ip":"::1"}],"level":"info","message":"DAO.delete() /api/comments/ban ","timestamp":"2015-11-28T18:05:30.133Z"}
{"$or":[{"email":"admin@admin.com"},{"ip":"172.31.255.255"}],"level":"info","message":"DAO.delete() /api/comments/ban ","timestamp":"2015-11-28T18:05:59.510Z"}
{"$or":[{"email":"admin@admin.com"},{"ip":"172.31.255.255"}],"level":"info","message":"DAO.delete() /api/comments/ban ","timestamp":"2015-11-28T18:10:55.266Z"}
{"$or":[{"email":"test@test.com"},{"ip":"172.97.114.255"}],"level":"info","message":"DAO.delete() /api/comments/ban ","timestamp":"2015-11-28T18:10:57.415Z"}
{"$or":[{"email":"admin@admin.com"},{"ip":"172.31.255.255"}],"level":"info","message":"DAO.delete() /api/comments/ban ","timestamp":"2015-11-28T18:13:02.531Z"}
{"$or":[{"email":"admin@admin.com"},{"ip":"172.31.255.255"}],"level":"info","message":"DAO.delete() /api/comments/ban ","timestamp":"2015-11-28T18:14:11.455Z"}
{"$or":[{"email":"nick@nick.com"},{"ip":"::1"}],"level":"info","message":"DAO.delete() /api/comments/ban ","timestamp":"2015-11-28T18:14:24.788Z"}
{"$or":[{"email":"test@test.com"},{"ip":"172.97.114.255"}],"level":"info","message":"DAO.delete() /api/comments/ban ","timestamp":"2015-11-28T18:14:26.568Z"}
{"level":"info","message":"DAO.delete() /api/menus ","timestamp":"2015-11-28T18:19:24.249Z"}
{"galleries":"gallery-1","level":"info","message":"DAO.update()  ","timestamp":"2015-11-28T18:19:24.259Z"}
{"_id":"56595bf5022ac2a34a1bb949","level":"info","message":"DAO.updateOneAndUpdate()  ","timestamp":"2015-11-28T18:19:24.318Z"}
{"url":{"$in":["assets/images/jonpaulmiles_01journelsix_1448640619663/","assets/images/jonpaulmiles_01journelthree_1448640620306/","assets/images/jonpaulmiles_01journeltwo_1448640621009/","assets/images/jonpaulmiles_02journalone_1448640621665/"]},"level":"info","message":"DAO.update()  ","timestamp":"2015-11-28T18:19:24.320Z"}
{"_id":"565b969db6acfc845ac2e6a5","level":"info","message":"DAO.update()  ","timestamp":"2015-11-30T00:22:14.998Z"}
{"level":"info","message":"DAO.delete() /api/menus ","timestamp":"2015-12-06T20:49:03.987Z"}
{"_id":"56595bf5022ac2a34a1bb94b","level":"info","message":"DAO.updateOneAndUpdate()  ","timestamp":"2015-12-06T20:49:04.025Z"}
{"contentName":"test","level":"info","message":"DAO.upsert()  ","timestamp":"2015-12-06T20:49:04.062Z"}
{"level":"info","message":"DAO.delete() /api/menus ","timestamp":"2015-12-06T20:49:12.820Z"}
{"_id":"56595bf5022ac2a34a1bb94b","level":"info","message":"DAO.updateOneAndUpdate()  ","timestamp":"2015-12-06T20:49:12.881Z"}
{"contentName":"test","level":"info","message":"DAO.upsert()  ","timestamp":"2015-12-06T20:49:12.903Z"}
{"contentName":"test","level":"info","message":"DAO.upsert()  ","timestamp":"2015-12-06T20:49:12.907Z"}
{"level":"info","message":"DAO.delete() /api/menus ","timestamp":"2015-12-06T20:49:28.773Z"}
{"galleries":"gallery-1","level":"info","message":"DAO.update()  ","timestamp":"2015-12-06T20:49:28.790Z"}
{"_id":"56595bf5022ac2a34a1bb949","level":"info","message":"DAO.updateOneAndUpdate()  ","timestamp":"2015-12-06T20:49:28.867Z"}
{"url":{"$in":["assets/images/jonpaulmiles_02journalone_1448640621665/","assets/images/jonpaulmiles_01journelseven_1448640619031/"]},"level":"info","message":"DAO.update()  ","timestamp":"2015-12-06T20:49:28.879Z"}
{"$or":[{"email":"test@test.com"},{"ip":"172.97.114.255"}],"level":"info","message":"DAO.delete() /api/comments/ban ","timestamp":"2015-12-06T20:49:54.405Z"}
{"level":"info","message":"DAO.delete() /api/menus ","timestamp":"2015-12-06T21:21:45.023Z"}
{"_id":"56595bf5022ac2a34a1bb94b","level":"info","message":"DAO.updateOneAndUpdate()  ","timestamp":"2015-12-06T21:21:45.112Z"}
{"contentName":"test","level":"info","message":"DAO.upsert()  ","timestamp":"2015-12-06T21:21:45.116Z"}
{"contentName":"test","level":"info","message":"DAO.upsert()  ","timestamp":"2015-12-06T21:21:45.134Z"}
{"level":"info","message":"DAO.delete() /api/menus ","timestamp":"2015-12-06T21:35:08.264Z"}
{"_id":"56595bf5022ac2a34a1bb949","level":"info","message":"DAO.updateOneAndUpdate()  ","timestamp":"2015-12-06T21:35:08.311Z"}
{"level":"info","message":"DAO.delete() /api/menus ","timestamp":"2015-12-06T21:35:17.979Z"}
{"_id":"56595bf5022ac2a34a1bb949","level":"info","message":"DAO.updateOneAndUpdate()  ","timestamp":"2015-12-06T21:35:18.047Z"}
{"level":"info","message":"DAO.delete() /api/menus ","timestamp":"2015-12-09T03:49:51.638Z"}
{"_id":"56595bf5022ac2a34a1bb944","level":"info","message":"DAO.updateOneAndUpdate()  ","timestamp":"2015-12-09T03:49:51.666Z"}
{"_id":"5667a51ff769f38b0d74336e","level":"info","message":"DAO.deleteOneAndUpdate() /api/pages ","timestamp":"2015-12-09T03:51:02.277Z"}
{"url":"/test","level":"info","message":"DAO.delete() /api/menus ","timestamp":"2015-12-09T03:51:02.356Z"}
{"url":{"$in":["assets/images/jonpaulmiles_01journelfour_1448640618419/","assets/images/jonpaulmiles_01journelseven_1448640619031/","assets/images/jonpaulmiles_01journelsix_1448640619663/","assets/images/jonpaulmiles_01journelthree_1448640620306/","assets/images/jonpaulmiles_01journeltwo_1448640621009/","assets/images/jonpaulmiles_02journalone_1448640621665/"]},"level":"info","message":"DAO.delete() /api/media ","timestamp":"2015-12-09T23:51:54.300Z"}
{"url":{"$in":["assets/images/jonpaulmiles_01journelsix_1449705859307/","assets/images/jonpaulmiles_01journelsix_1449705884510/","assets/images/jonpaulmiles_01journelthree_1449705884829/","assets/images/jonpaulmiles_01journeltwo_1449705885136/","assets/images/jonpaulmiles_02journalone_1449705885457/","assets/images/jonpaulmiles_02journeleight_1449705885775/","assets/images/jonpaulmiles_02journelfive_1449705886048/","assets/images/jonpaulmiles_02journelfour_1449705886356/","assets/images/scan-2015-11-20-0017_1449705927746/","assets/images/jonpaulmiles_01journelthree_1449706542192/"]},"level":"info","message":"DAO.delete() /api/media ","timestamp":"2015-12-10T00:19:22.776Z"}
{"_id":"5668d567575d64f54c9b828e","level":"info","message":"DAO.update()  ","timestamp":"2015-12-10T01:30:03.747Z"}
{"_id":"5668d6bc6dfb23434d264e24","level":"info","message":"DAO.update()  ","timestamp":"2015-12-10T01:35:05.248Z"}
{"_id":"56595bf5022ac2a34a1bb941","level":"info","message":"DAO.update()  ","timestamp":"2015-12-10T18:31:05.540Z"}
{"_id":"56595bf5022ac2a34a1bb941","level":"info","message":"DAO.update()  ","timestamp":"2015-12-10T18:31:54.347Z"}
{"_id":"566a0b8c25076ecb435e1880","level":"info","message":"DAO.update()  ","timestamp":"2015-12-10T23:32:44.832Z"}
{"_id":"566a2ce12efdf4a119772457","level":"info","message":"DAO.update()  ","timestamp":"2015-12-11T01:57:20.229Z"}
{"_id":"566a2ce12efdf4a119772457","level":"info","message":"DAO.update()  ","timestamp":"2015-12-11T01:57:25.679Z"}
{"_id":"566a2ce12efdf4a119772457","level":"info","message":"DAO.update()  ","timestamp":"2015-12-11T02:02:37.926Z"}
{"_id":"566a2ecb3e0aa0f61eaf6b68","level":"info","message":"DAO.update()  ","timestamp":"2015-12-11T02:13:23.562Z"}
{"_id":"566a2ecb3e0aa0f61eaf6b67","level":"info","message":"DAO.update()  ","timestamp":"2015-12-11T02:13:29.788Z"}
{"_id":"566a31e9e18d5de927dc5a82","level":"info","message":"DAO.update()  ","timestamp":"2015-12-11T02:16:27.680Z"}
{"_id":"566a31e9e18d5de927dc5a81","level":"info","message":"DAO.update()  ","timestamp":"2015-12-11T02:16:38.402Z"}
{"_id":"566a5d2d4d1a4b9f9265ae42","level":"info","message":"DAO.update()  ","timestamp":"2015-12-11T05:24:17.112Z"}
{"_id":"566a5d2d4d1a4b9f9265ae44","level":"info","message":"DAO.update()  ","timestamp":"2015-12-11T05:24:44.920Z"}
{"level":"info","message":"DAO.delete() /api/menus ","timestamp":"2015-12-11T17:40:32.562Z"}
{"_id":"566a0b8c25076ecb435e1873","level":"info","message":"DAO.updateOneAndUpdate()  ","timestamp":"2015-12-11T17:40:32.623Z"}
{"contentName":"test","level":"info","message":"DAO.upsert()  ","timestamp":"2015-12-11T17:40:32.643Z"}
{"name":"disable-comments","level":"info","message":"DAO.upsert()  ","timestamp":"2015-12-11T18:07:42.027Z"}
{"name":"disable-comments","level":"info","message":"DAO.upsert()  ","timestamp":"2015-12-11T18:07:42.382Z"}
{"name":"auto-accept-comments","level":"info","message":"DAO.upsert()  ","timestamp":"2015-12-11T18:07:43.084Z"}
{"name":"auto-accept-comments","level":"info","message":"DAO.upsert()  ","timestamp":"2015-12-11T18:07:43.610Z"}
{"_id":"566b0ef77ec2d11a05725afe","level":"info","message":"DAO.update()  ","timestamp":"2015-12-11T18:14:52.134Z"}
{"_id":"566b0ef77ec2d11a05725aff","level":"info","message":"DAO.update()  ","timestamp":"2015-12-11T18:15:03.208Z"}
{"name":"appID","level":"info","message":"DAO.upsert()  ","timestamp":"2015-12-12T17:51:24.407Z"}
{"name":"appID","level":"info","message":"DAO.upsert()  ","timestamp":"2015-12-12T17:53:46.618Z"}
{"name":"appID","level":"info","message":"DAO.upsert()  ","timestamp":"2015-12-12T17:54:06.215Z"}
{"name":"clientID","level":"info","message":"DAO.upsert()  ","timestamp":"2015-12-12T18:12:11.321Z"}
{"name":"appID","level":"info","message":"DAO.upsert()  ","timestamp":"2015-12-12T18:37:30.782Z"}
{"name":"appID","level":"info","message":"DAO.upsert()  ","timestamp":"2015-12-12T18:38:02.304Z"}
{"name":"appID","level":"info","message":"DAO.upsert()  ","timestamp":"2015-12-12T18:38:33.534Z"}
{"name":"appID","level":"info","message":"DAO.upsert()  ","timestamp":"2015-12-12T18:38:44.552Z"}
{"name":"appID","level":"info","message":"DAO.upsert()  ","timestamp":"2015-12-12T18:40:01.042Z"}
{"name":"appID","level":"info","message":"DAO.upsert()  ","timestamp":"2015-12-12T18:40:57.723Z"}
{"name":"appID","level":"info","message":"DAO.upsert()  ","timestamp":"2015-12-12T18:41:43.925Z"}
{"name":"appID","level":"info","message":"DAO.upsert()  ","timestamp":"2015-12-12T18:41:59.222Z"}
{"name":"appID","level":"info","message":"DAO.upsert()  ","timestamp":"2015-12-12T18:42:22.192Z"}
{"name":"appID","level":"info","message":"DAO.upsert()  ","timestamp":"2015-12-12T18:42:49.804Z"}
{"name":"appID","level":"info","message":"DAO.upsert()  ","timestamp":"2015-12-12T18:43:51.867Z"}
{"name":"appID","level":"info","message":"DAO.upsert()  ","timestamp":"2015-12-12T18:44:16.480Z"}
{"name":"clientID","level":"info","message":"DAO.upsert()  ","timestamp":"2015-12-12T18:44:22.573Z"}
{"name":"clientID","level":"info","message":"DAO.upsert()  ","timestamp":"2015-12-12T18:44:44.875Z"}
{"name":"appID","level":"info","message":"DAO.upsert()  ","timestamp":"2015-12-12T18:46:37.415Z"}
{"name":"appID","level":"info","message":"DAO.upsert()  ","timestamp":"2015-12-12T18:46:52.718Z"}
{"name":"clientID","level":"info","message":"DAO.upsert()  ","timestamp":"2015-12-12T18:47:18.379Z"}
