0 info it worked if it ends with ok
1 verbose cli [ '/usr/local/Cellar/node/5.8.0/bin/node',
1 verbose cli   '/usr/local/bin/npm',
1 verbose cli   'run',
1 verbose cli   'admin' ]
2 info using npm@3.7.3
3 info using node@v5.8.0
4 verbose run-script [ 'preadmin', 'admin', 'postadmin' ]
5 info lifecycle meanbase@0.0.0~preadmin: meanbase@0.0.0
6 silly lifecycle meanbase@0.0.0~preadmin: no script for preadmin, continuing
7 info lifecycle meanbase@0.0.0~admin: meanbase@0.0.0
8 verbose lifecycle meanbase@0.0.0~admin: unsafe-perm in lifecycle true
9 verbose lifecycle meanbase@0.0.0~admin: PATH: /usr/local/lib/node_modules/npm/bin/node-gyp-bin:/Users/jonpaul/Documents/Work/meanbase-1.0.0/node_modules/.bin:/usr/local/Cellar/node/5.8.0/bin:/usr/local/bin:/usr/bin:/bin:/usr/sbin:/sbin
10 verbose lifecycle meanbase@0.0.0~admin: CWD: /Users/jonpaul/Documents/Work/meanbase-1.0.0
11 silly lifecycle meanbase@0.0.0~admin: Args: [ '-c',
11 silly lifecycle   'gulp admin && webpack --config webpack.admin.config.js' ]
12 silly lifecycle meanbase@0.0.0~admin: Returned: code: 1  signal: null
13 info lifecycle meanbase@0.0.0~admin: Failed to exec admin script
14 verbose stack Error: meanbase@0.0.0 admin: `gulp admin && webpack --config webpack.admin.config.js`
14 verbose stack Exit status 1
14 verbose stack     at EventEmitter.<anonymous> (/usr/local/lib/node_modules/npm/lib/utils/lifecycle.js:239:16)
14 verbose stack     at emitTwo (events.js:100:13)
14 verbose stack     at EventEmitter.emit (events.js:185:7)
14 verbose stack     at ChildProcess.<anonymous> (/usr/local/lib/node_modules/npm/lib/utils/spawn.js:24:14)
14 verbose stack     at emitTwo (events.js:100:13)
14 verbose stack     at ChildProcess.emit (events.js:185:7)
14 verbose stack     at maybeClose (internal/child_process.js:850:16)
14 verbose stack     at Process.ChildProcess._handle.onexit (internal/child_process.js:215:5)
15 verbose pkgid meanbase@0.0.0
16 verbose cwd /Users/jonpaul/Documents/Work/meanbase-1.0.0/client/admin
17 error Darwin 15.2.0
18 error argv "/usr/local/Cellar/node/5.8.0/bin/node" "/usr/local/bin/npm" "run" "admin"
19 error node v5.8.0
20 error npm  v3.7.3
21 error code ELIFECYCLE
22 error meanbase@0.0.0 admin: `gulp admin && webpack --config webpack.admin.config.js`
22 error Exit status 1
23 error Failed at the meanbase@0.0.0 admin script 'gulp admin && webpack --config webpack.admin.config.js'.
23 error Make sure you have the latest version of node.js and npm installed.
23 error If you do, this is most likely a problem with the meanbase package,
23 error not with npm itself.
23 error Tell the author that this fails on your system:
23 error     gulp admin && webpack --config webpack.admin.config.js
23 error You can get information on how to open an issue for this project with:
23 error     npm bugs meanbase
23 error Or if that isn't available, you can get their info via:
23 error     npm owner ls meanbase
23 error There is likely additional logging output above.
24 verbose exit [ 1, true ]
